    88.576     8.268   -32.254   108.240    13.061     0.616    38.332   433.421   296.181     4.323     6.393    -3.155     5.226
   -21.853   -26.911   -59.565    53.935     7.212     0.395    16.481   421.690   294.011    10.689     7.751    -5.616     2.678
   -78.773   -31.849   -64.960    16.941     0.623     0.301     0.899   407.410   291.468     1.096     1.472    -1.289     1.665
   -66.489   -11.929   -49.852     1.309     0.000     0.196     0.000   391.034   290.235    -6.016    -5.808    -0.770     0.978
   -59.766    -3.686   -49.510     0.738     0.000     0.193     0.000   386.985   290.057    -7.308    -7.298    -0.607     0.617
   -53.209    -0.171   -47.495     0.565     0.000     0.200     0.000   387.722   289.936    -6.108    -6.078    -0.392     0.422
   -42.346    -1.194   -37.083     0.850    -0.000     0.172     0.000   387.905   289.902    -4.920    -4.836    -0.235     0.318
   -31.194     0.297   -28.520     0.778     0.000     0.151     0.000   388.814   289.930    -3.750    -3.640    -0.147     0.257
   -38.286    -9.761   -24.629     1.400    -0.000     0.116     0.000   381.728   288.967    -5.297    -5.190    -0.106     0.213
   -47.594    -3.686   -39.437     2.627    -0.000     0.166     0.000   378.794   288.383    -7.098    -7.038    -0.092     0.152
   -46.896    -2.480   -39.723     2.217    -0.000     0.172     0.000   378.458   288.402    -6.910    -6.886    -0.067     0.092
   -22.171    11.298   -43.462    12.291     4.246     0.229     6.147   386.841   289.558    -2.297    -2.246    -0.016     0.067
    76.407    26.476   -35.655    70.121    11.399     0.426    22.873   407.273   292.614    15.466    13.610    -2.180     0.324
    76.851    12.079   -32.387    68.866    11.730     0.523    20.120   415.753   293.128    28.292    22.277    -7.023     1.007
   218.584    21.995    21.076   126.707    17.054     0.650    43.993   425.495   294.371    48.806    33.166   -16.737     1.096
   209.310    17.952    13.568   129.055    17.523     0.659    40.849   429.690   295.069    48.735    34.099   -15.827     1.191
   282.799    18.578    32.439   168.815    19.180     0.748    50.587   438.141   296.455    62.967    42.992   -21.158     1.183
   248.185    18.038    13.899   161.070    18.653     0.573    42.730   443.226   297.350    55.179    40.644   -15.855     1.320
    50.063    -1.664   -26.165    44.451     9.223     0.444    13.138   433.606   295.872    33.442    20.346   -14.229     1.133
   156.342    30.045     6.065    80.309    16.502     0.513    29.017   437.625   296.478    39.923    29.085   -11.080     0.243
   251.214    16.173    37.824   138.752    18.756     0.722    43.091   445.718   297.586    58.464    38.006   -20.168    -0.291
   451.149     5.197   106.644   253.240    20.103     0.828    79.164   462.901   300.109    86.068    53.882   -32.790     0.605
   161.523    -6.591   -89.841   220.800    15.676     0.793    33.948   451.417   299.234    37.155    25.653   -13.139     1.637
    15.726   -25.801   -32.630    51.452     5.005     0.827     7.209   429.122   294.920    22.706     7.005   -17.098     1.397
    35.452    -7.008   -37.636    68.520     8.624     0.680    14.698   425.391   294.659    11.576     7.555    -4.804     0.783
    28.288     3.508   -49.840    62.234     8.282     0.453    19.921   427.260   295.553    12.385    10.403    -2.205     0.222
   -48.006   -25.566   -43.975    13.821     1.281     0.281     2.002   414.734   292.528     7.714     3.935    -3.887     0.109
   -57.307   -12.157   -43.225    -0.050     0.000     0.236     0.000   403.217   291.174    -1.875    -2.474    -0.451    -0.148
   -53.029    -9.276   -36.793    -3.540     0.000     0.197     0.000   396.904   290.674    -3.421    -4.247    -0.432    -0.394
   -38.391     0.741   -34.451    -2.924    -0.000     0.224     0.000   399.529   291.190    -1.758    -2.568    -0.321    -0.489
   -57.890   -13.535   -36.020    -5.086    -0.000     0.175     0.000   393.157   290.211    -3.248    -3.967    -0.228    -0.490
   -57.436    -8.112   -41.228    -3.187    -0.000     0.183     0.000   390.048   290.290    -4.910    -5.597    -0.191    -0.497
   -58.149    -8.181   -42.387    -2.516     0.000     0.186     0.000   388.724   289.879    -5.065    -5.723    -0.159    -0.499
   -57.336   -12.440   -34.535    -3.828    -0.000     0.149     0.000   382.946   288.905    -6.533    -7.127    -0.118    -0.476
   -58.271    -0.575   -43.322    -7.437    -0.000     0.194     0.000   382.888   288.831    -6.937    -7.485    -0.091    -0.457
   -44.741     2.404   -32.687   -10.777     2.034     0.213     4.715   388.821   289.146    -3.682    -4.154    -0.057    -0.415
    55.420    18.280    -7.803    37.763    11.544     0.297    25.754   402.556   290.979     7.179     6.191    -0.666    -0.323
   169.038     1.543    35.651   106.479    15.968     0.465    43.577   411.006   291.639    25.365    16.997    -8.502     0.134
   317.361    11.461    91.794   159.573    18.998     0.455    64.096   420.668   292.734    54.533    28.253   -27.032     0.752
   452.925    15.953   131.545   228.262    21.224     0.499    81.748   431.916   294.302    77.165    40.231   -38.570     1.637
   560.516     7.688   181.440   298.582    22.455     0.646    95.255   441.104   295.766    72.806    50.503   -25.214     2.912
   623.598     3.297   214.372   320.791    22.795     0.658   102.803   449.294   296.893    85.138    57.660   -31.489     4.011
   604.923    16.959   190.298   294.727    22.396     0.568    99.892   456.332   297.973   102.939    55.673   -52.144     4.878
   605.129    -4.253   123.867   321.112    21.586     0.499   101.774   464.171   298.661   164.403    51.366  -119.964     6.928
   551.879     2.045   170.745   315.430    20.329     0.352    96.598   468.739   299.829    63.659    35.762   -38.381    10.484
   447.033    -0.479   109.421   281.613    19.322     0.454    84.800   466.155   300.241    56.478    33.376   -32.131     9.028
   330.654   -10.643    58.578   252.550    17.993     0.537    71.562   460.221   299.776    30.168    24.247   -14.387     8.466
   213.856     9.859     6.234   177.603    16.052     0.434    56.698   455.060   299.371    20.160    18.147    -8.728     6.715
    85.380     1.687   -38.263   110.731    12.620     0.437    35.459   446.173   298.300    11.225    11.634    -4.646     5.055
   -10.324    -6.500   -24.584    17.384     6.881     0.158    14.901   428.154   295.409     3.375     2.683    -3.846     3.154
   -47.120   -21.817   -18.980     2.992     0.553     0.072     0.784   403.541   292.796    -9.315    -8.081    -0.638     1.872
   -45.126    -0.264   -33.472    -0.763    -0.000     0.156     0.000   401.138   291.710   -10.627   -10.096    -0.611     1.142
   -49.088   -10.402   -27.432     0.153     0.000     0.129     0.000   393.475   290.399   -11.408   -11.098    -0.415     0.725
   -46.142   -10.987   -22.169     0.849    -0.000     0.100     0.000   384.130   289.643   -13.834   -13.669    -0.267     0.432
   -39.644    -7.032   -18.546     0.431    -0.000     0.074     0.000   380.241   289.213   -14.498   -14.481    -0.174     0.190
   -46.388    -9.549   -22.160     0.333     0.000     0.083     0.000   376.302   288.729   -15.013   -15.081    -0.086     0.017
   -45.204    -6.478   -23.960    -0.004     0.000     0.098     0.000   375.578   288.701   -14.761   -14.890    -0.018    -0.111
   -56.230    -3.653   -39.669     0.603     0.000     0.157     0.000   378.599   288.771   -13.511   -13.670     0.036    -0.195
   -62.694    -1.129   -48.688    -0.846     0.000     0.196     0.000   381.508   288.935   -12.031   -12.188     0.074    -0.231
   -46.878     2.046   -41.230     1.545     3.079     0.194     4.308   386.146   289.498    -9.239    -9.375     0.092    -0.228
    69.913    38.398     0.123    29.088    12.665     0.094    29.225   407.357   292.698     2.304     2.260     0.118    -0.161
   214.577    12.209    22.395   144.740    17.378     0.328    52.508   428.618   294.936    35.232    24.058   -11.482     0.308
   343.069    26.984    61.358   182.086    19.669     0.413    69.750   445.400   297.259    72.640    40.965   -32.890     1.215
   417.276    -5.324    69.726   273.502    20.114     0.450    75.922   457.788   299.276    79.372    50.008   -32.474     3.110
   467.855    -7.758    90.691   304.562    20.092     0.555    78.674   464.310   300.195    80.361    54.554   -30.941     5.135
   250.975    -5.624   -19.037   236.743    18.143     0.510    45.207   457.131   299.856    38.894    34.974    -9.807     5.887
    88.432    -5.149   -43.375   111.052    12.868     0.468    20.708   443.593   297.745    25.903    16.973   -14.092     5.162
   195.812     0.168    -7.114   176.131    17.339     0.481    36.503   442.525   297.422    26.627    23.674    -7.454     4.501
   200.026     9.151    21.907   139.453    17.396     0.458    37.937   438.665   296.402    29.515    20.140   -13.467     4.092
   190.402    -5.385   -23.792   152.588    16.832     0.203    37.845   440.411   296.542    66.992    17.099   -54.016     4.123
   397.859    20.641   111.589   218.658    19.133     0.441    80.335   454.001   298.229    46.971    25.324   -26.840     5.194
   210.892     7.462    25.096   158.872    16.339     0.449    54.902   449.482   298.221    19.462    16.293    -7.817     4.648
    58.067     5.249   -21.682    66.725    11.814     0.202    28.236   439.320   297.115     7.775     9.216    -1.263     2.704
    -3.663   -12.017   -15.823    22.686     6.360     0.103    12.886   425.500   295.584     1.491     2.356    -0.796     1.661
   -35.293   -12.421   -29.650     8.757     0.202     0.174     0.277   419.683   294.380    -1.979    -1.497    -0.648     1.130
   -35.667    -1.189   -42.857     7.283     0.000     0.550     0.000   421.106   294.155     1.095     1.213    -1.421     1.538
   -57.064   -14.109   -40.909     2.441     0.000     0.422     0.000   411.607   292.150    -4.487    -3.585    -0.587     1.488
   -69.748   -23.491   -44.457     7.875     0.000     0.270     0.000   398.841   289.501    -9.675    -8.696     0.020     0.958
   -42.143   -17.580   -11.313     1.282     0.002     0.039     0.003   377.809   287.276   -14.532   -14.154    -0.131     0.509
   -54.473   -24.225   -15.226     2.966     0.001     0.041     0.001   365.351   284.561   -17.988   -17.902    -0.143     0.229
   -45.315   -16.058   -10.940     1.103     0.006     0.039     0.008   358.505   283.207   -19.420   -19.475    -0.072     0.017
   -10.550     6.863    -3.968     1.864     0.005     0.052     0.006   369.650   284.828   -15.310   -15.392     0.025    -0.108
   -42.103   -19.456    -8.041     1.502     0.138     0.040     0.180   361.540   282.787   -16.108   -16.113     0.113    -0.118
   -22.368    14.848   -17.913    -4.197     3.404     0.124     5.149   368.653   287.054   -15.106   -15.117     0.121    -0.132
    69.731    39.347    -8.832    40.554    11.615     0.271    26.222   398.393   291.083    -1.337    -1.114     0.243    -0.019
   196.695     5.167    55.330   115.143    16.273     0.600    46.950   413.817   292.083    21.055    15.136    -6.860     0.941
   347.835    50.456   108.167   136.889    19.434     0.737    65.126   435.106   295.540    52.323    34.763   -18.629     1.069
   466.765    -8.503   197.715   215.899    21.148     1.028    80.091   439.899   295.690    61.654    42.141   -21.698     2.185
   585.096    -5.690   278.278   249.062    22.337     1.046    94.978   443.347   295.865    63.446    48.442   -18.561     3.557
   589.083    10.433   259.664   254.882    22.338     1.085    93.140   448.931   296.931    64.104    50.363   -17.979     4.238
   650.644    -5.713   316.216   278.238    22.639     1.365   100.156   450.180   296.953    61.902    51.013   -15.985     5.096
   630.420   -57.161   395.630   279.963    22.180     1.066   101.404   434.197   293.703    11.988    34.897    15.865     7.044
   628.850    -6.116   361.073   244.528    21.912     1.103   105.241   432.399   293.637    29.365    35.032    -0.518     6.184
   524.091   -11.174   293.057   229.532    20.721     1.109    97.154   428.423   293.329    12.676    23.210     4.064     6.470
   406.929   -16.062   221.366   201.097    18.894     1.065    85.099   422.581   292.657     0.527    11.814     4.942     6.345
   256.431   -13.290   132.266   149.411    16.255     1.059    66.458   414.080   291.627   -11.955     1.108     7.131     5.932
   109.610   -12.075    39.475   101.069    13.003     1.016    44.998   404.778   290.515   -18.859    -5.415     8.106     5.339
   -24.356    -7.441   -42.654    46.745     7.939     0.841    19.897   395.483   289.448   -21.007    -9.417     6.920     4.670
   -99.901   -14.873   -71.057     9.368     0.723     0.595     1.045   385.405   287.842   -23.339   -14.258     4.991     4.090
   -91.721   -20.731   -50.402     3.041     0.000     0.284     0.000   370.720   284.002   -23.629   -18.552     2.021     3.057
   -75.257    -5.295   -44.057    -0.243    -0.000     0.174     0.000   354.012   282.869   -25.663   -23.304     0.241     2.118
   -75.952     3.336   -53.264    -0.511     0.000     0.235     0.000   354.898   283.063   -25.513   -23.648     0.182     1.683
   -75.095    -0.977   -48.762    -0.884    -0.000     0.217     0.000   353.813   282.598   -24.471   -22.851     0.225     1.396
   -71.780    -1.042   -45.346    -1.178    -0.000     0.198     0.000   350.926   282.144   -24.214   -22.745     0.277     1.192
   -70.928     0.587   -46.274    -1.342     0.000     0.203     0.000   349.794   282.037   -23.898   -22.567     0.304     1.027
   -69.868    -2.454   -41.896    -1.830    -0.000     0.181     0.000   347.231   281.488   -23.687   -22.470     0.325     0.892
   -69.258    -1.446   -40.641    -3.518     0.000     0.180     0.000   345.447   281.102   -23.653   -22.532     0.343     0.777
   -55.722     3.757   -28.566    -9.908     1.879     0.169     3.697   350.289   281.958   -21.006   -19.960     0.364     0.683
    70.138    28.717    18.299    34.246    10.638     0.407    30.432   373.956   285.710   -11.124    -6.935     3.122     1.066
   221.683    11.255   115.656    87.460    15.038     0.661    53.466   389.967   287.450     7.313     8.484    -0.570     1.742
   360.121     3.433   210.255   124.132    17.616     0.704    72.377   399.073   288.424    22.301    20.264    -4.452     2.416
   495.291     9.624   287.189   159.431    19.868     0.637    89.574   408.526   289.581    39.047    32.301    -9.811     3.065
   584.274    11.388   328.990   194.748    21.319     0.660    99.664   417.048   290.839    49.148    41.585   -11.306     3.742
   646.446     5.492   352.111   233.830    22.119     0.695   106.372   424.161   291.995    55.013    47.998   -11.590     4.575
   465.029    -1.153   218.648   214.714    20.369     0.626    76.945   423.783   292.594    32.820    33.162    -4.912     5.253
   456.250    -0.881   220.725   205.677    20.085     0.759    75.890   422.759   292.489    30.729    30.992    -4.920     5.183
   653.434    12.450   322.114   261.718    21.872     0.758   108.980   434.635   293.986    57.152    45.389   -17.074     5.311
   422.793    -0.826   195.786   208.559    19.536     0.730    78.460   428.621   293.592    19.274    22.777    -2.341     5.844
   366.972     1.584   155.958   190.352    18.586     0.724    77.246   426.773   293.583    19.078    18.011    -6.218     5.151
   241.786    -3.035    90.986   147.876    16.333     0.709    62.890   420.729   292.918     5.959     8.298    -2.458     4.797
   113.926    -9.675    14.689   109.879    13.210     0.624    44.024   413.534   292.194    -0.967     2.356    -1.021     4.343
    -8.100    -3.980   -36.560    39.159     7.982     0.412    19.835   402.783   290.682    -6.718    -3.452    -0.249     3.515
   -74.588   -25.923   -33.475     0.151     0.981     0.183     1.445   379.758   286.346   -15.340   -11.882     0.938     2.521
   -66.093     0.974   -45.719    -2.485     0.000     0.196     0.000   368.318   285.652   -18.863   -17.407    -0.199     1.655
   -70.711    -7.203   -41.849    -1.994    -0.000     0.169     0.000   361.979   284.580   -19.665   -18.582    -0.150     1.233
   -60.612    -7.055   -36.469     2.986     0.000     0.151     0.000   358.649   284.325   -20.074   -19.133    -0.021     0.962
   -59.567    -5.639   -37.048     2.812     0.000     0.152     0.000   357.282   284.223   -19.692   -18.848     0.077     0.767
   -63.914    -5.380   -38.571    -0.004    -0.000     0.158     0.000   354.623   283.138   -19.959   -19.183     0.151     0.625
   -61.804    -4.488   -36.880     0.006    -0.000     0.154     0.000   351.478   282.817   -20.443   -19.745     0.192     0.506
   -63.821    -2.765   -39.720    -0.881    -0.000     0.166     0.000   350.388   282.480   -20.454   -19.822     0.224     0.408
   -63.271     0.291   -43.061    -0.739    -0.000     0.193     0.000   351.811   282.579   -19.762   -19.166     0.261     0.336
   -48.266     4.997   -34.633    -1.467     2.719     0.184     3.815   356.299   283.450   -17.163   -16.569     0.300     0.294
    71.753    26.488     3.648    46.431    10.974     0.294    29.462   379.717   287.114    -4.814    -3.314     0.957     0.543
   208.787    19.169    67.820    87.379    15.568     0.345    51.555   398.718   289.031    34.420    12.114   -23.821     1.514
   342.906    20.426   114.902   163.454    18.652     0.471    69.709   417.545   292.155    44.124    27.209   -19.312     2.397
   426.374     4.587   142.056   221.651    20.172     0.556    79.461   428.245   293.872    58.080    38.234   -23.321     3.475
   526.693     5.952   193.928   262.628    21.398     0.677    92.183   436.591   295.073    64.185    47.229   -21.546     4.590
   628.599    11.326   252.995   290.361    22.183     0.704   105.028   444.695   296.092    73.917    55.158   -24.205     5.446
   631.483    10.824   247.353   300.402    22.094     0.621   105.603   450.149   296.952    72.904    53.317   -25.865     6.278
   615.403     0.854   245.642   309.288    21.817     0.622   104.781   451.699   297.254    59.619    47.818   -18.741     6.939
   572.585     1.151   221.301   299.415    21.265     0.611   101.565   452.098   297.449    50.718    40.968   -16.819     7.069
   481.699    -0.666   171.684   274.696    20.255     0.625    92.229   449.669   297.346    35.986    30.804   -12.099     6.917
   320.354    -1.878    83.374   219.800    18.293     0.622    71.445   442.639   296.736    19.058    17.984    -7.352     6.278
   204.665   -12.659    25.937   181.958    16.080     0.573    57.570   434.619   295.804     9.428     9.708    -5.395     5.674
    72.966    -4.330   -28.740   105.562    12.616     0.435    37.232   424.034   294.451     0.473     2.630    -2.575     4.731
   -34.495   -22.556   -43.027    38.167     6.569     0.271    14.344   406.596   291.027    -7.078    -4.834    -1.228     3.472
   -73.586   -20.058   -45.078     6.650     0.628     0.176     0.895   385.635   288.613   -15.099   -13.310    -0.498     2.287
   -70.885    -5.143   -53.572     4.572     0.000     0.206     0.000   380.205   288.526   -16.743   -15.550    -0.479     1.672
   -61.851   -12.390   -32.904     1.087    -0.000     0.125     0.000   370.802   287.209   -17.644   -16.654    -0.302     1.293
   -52.737    -7.894   -24.645    -0.051     0.000     0.077     0.000   360.526   285.961   -20.148   -19.287    -0.155     1.016
   -48.495    -2.220   -25.210    -0.411    -0.000     0.080     0.000   357.386   285.667   -20.654   -19.927    -0.061     0.787
   -48.552     0.918   -28.720    -0.814     0.000     0.103     0.000   358.171   286.051   -19.936   -19.260     0.048     0.628
   -52.629     4.624   -38.054    -0.887     0.000     0.142     0.000   362.564   286.476   -18.312   -17.644     0.144     0.525
   -58.356     4.638   -47.833     0.710    -0.000     0.181     0.000   368.268   287.011   -15.871   -15.190     0.215     0.465
   -61.338     2.487   -51.498     1.265    -0.000     0.204     0.000   372.294   287.243   -13.593   -12.896     0.257     0.439
   -43.267     4.505   -41.628     5.019     2.947     0.189     4.021   375.190   287.457   -11.163   -10.462     0.271     0.430
    41.980    27.993   -27.829    43.418    10.780     0.256    22.027   391.923   290.486    -1.601    -0.743     0.374     0.484
   161.526    21.130     6.605   112.898    15.446     0.370    42.082   413.813   292.775    20.893    17.789    -4.156     1.052
   272.326    33.335    40.184   154.869    18.283     0.439    57.355   430.682   295.193    43.939    32.141   -13.500     1.702
   436.617    29.912   116.140   214.319    20.626     0.483    78.383   445.967   296.913    76.246    44.430   -34.112     2.297
   541.081    20.538   173.047   271.435    21.481     0.599    91.899   457.524   298.570    76.061    51.097   -28.481     3.517
   614.522     8.717   226.299   299.899    21.683     0.619   101.460   463.968   299.312    79.607    54.467   -29.786     4.646
   663.695     5.485   246.627   331.997    20.706     0.654   108.289   473.726   300.819    79.586    58.068   -27.411     5.892
   640.173    -7.190   238.856   343.781    19.974     0.763   107.131   476.739   301.436    64.726    53.301   -18.439     7.014
   597.214    -8.137   220.089   332.033    19.632     0.833   103.977   475.412   301.350    53.229    45.203   -15.417     7.392
   488.471     2.542   155.315   291.341    19.043     0.744    91.931   471.551   301.055    39.273    33.437   -12.786     6.950
   344.651    -6.515    78.226   249.104    17.902     0.746    73.245   463.156   300.157    23.836    20.694    -9.280     6.138
   153.579    -8.442   -22.345   173.428    14.970     0.554    44.154   451.928   299.043    10.939    10.436    -5.500     4.997
   102.889    -6.532   -30.523   131.671    12.804     0.461    38.516   445.015   298.044     8.274     8.031    -4.210     3.967
   -28.896   -24.118   -43.541    39.856     6.723     0.248    15.114   424.777   294.388    -1.094    -0.720    -2.460     2.834
   -72.600   -25.088   -42.619     6.403     0.591     0.158     0.844   400.240   291.453   -11.297   -10.490    -0.869     1.676
   -63.149   -10.179   -39.869     1.066     0.000     0.149     0.000   388.299   290.255   -14.168   -14.002    -0.845     1.010
   -61.955    -4.268   -43.908     0.624    -0.000     0.166     0.000   385.133   289.881   -14.404   -14.353    -0.573     0.624
   -49.958    -2.565   -34.394     0.445     0.000     0.142     0.000   384.309   289.826   -13.443   -13.357    -0.311     0.398
   -57.920     0.405   -46.825     0.855     0.000     0.189     0.000   386.106   289.780   -12.356   -12.217    -0.125     0.264
   -64.295    -8.224   -43.657     0.428     0.000     0.170     0.000   381.087   288.488   -12.842   -12.729    -0.050     0.163
   -64.880    -3.418   -49.716     1.945    -0.000     0.194     0.000   378.452   288.305   -13.691   -13.644    -0.018     0.064
   -64.406    -4.190   -50.239     3.041    -0.000     0.199     0.000   378.373   288.222   -13.018   -13.015     0.017    -0.014
   -64.463    -4.930   -50.246     3.366    -0.000     0.200     0.000   377.673   288.039   -12.653   -12.641     0.071    -0.058
   -48.543    -0.823   -42.985     6.552     2.655     0.188     3.587   378.887   288.237   -11.287   -11.246     0.120    -0.080
    66.857    27.119   -21.345    60.995    12.209     0.274    28.195   399.817   291.715     0.087     0.594     0.467     0.039
   202.710    20.120    30.471   128.201    16.608     0.436    50.864   420.965   293.652    23.918    18.394    -6.376     0.853
   348.600    24.611    91.012   190.056    19.404     0.539    70.867   436.942   295.830    42.921    30.653   -14.053     1.786
   484.909    13.592   161.118   257.280    21.072     0.876    88.313   448.434   297.457    52.919    40.841   -14.873     2.795
   594.091     6.622   232.572   296.957    21.856     0.958   101.867   455.952   298.309    57.940    47.988   -13.772     3.820
   662.244    -3.221   270.254   335.216    21.702     0.937   109.665   462.541   299.180    59.995    52.802   -12.114     4.922
   673.932    13.852   290.359   314.236    21.488     0.998   109.766   466.157   299.635    55.485    51.240    -9.492     5.247
   669.319     1.214   283.520   331.383    20.912     0.962   110.527   469.745   300.233    53.202    48.954    -9.679     5.431
   565.311    -7.651   211.745   320.822    20.004     0.843    95.629   469.350   300.401    40.396    37.400    -8.564     5.568
   294.315    -8.576    50.695   235.222    17.913     0.762    55.780   457.310   299.311    16.974    17.048    -4.725     4.799
   241.058    -4.184    20.816   207.238    16.795     0.750    50.672   452.318   298.792    17.187    14.480    -6.436     3.729
    34.386   -11.540   -39.946    81.251     8.614     0.564    14.572   442.017   297.476     4.621     4.495    -3.208     3.082
    75.708     7.412   -28.316    89.768    10.962     0.503    25.311   438.688   296.950     6.844     6.276    -2.801     2.233
     3.073     2.944   -49.847    45.533     6.734     0.427    15.687   434.970   296.670     4.444     4.785    -1.239     1.581
   -50.978    -2.689   -58.580     5.881     0.359     0.504     0.508   433.035   296.357     4.409     4.026    -1.626     1.242
   -44.433    -0.220   -54.412     4.264    -0.000     0.601     0.000   432.135   296.077     5.935     4.625    -2.442     1.132
   -35.388    -2.807   -46.005     7.012    -0.000     0.608     0.000   431.681   295.891     6.414     4.907    -2.600     1.093
   -78.676    -5.634   -79.983     4.020    -0.000     0.663     0.000   425.535   295.126     2.922     1.972    -1.964     1.014
   -77.266     0.160   -81.644     1.713    -0.000     0.679     0.000   423.216   294.822     2.505     1.651    -1.665     0.812
   -74.573    -2.617   -74.193     1.221    -0.000     0.577     0.000   419.957   294.195     1.016     0.580    -1.038     0.602
   -70.495    -0.166   -70.148    -0.244    -0.000     0.543     0.000   417.270   293.745     0.063    -0.161    -0.611     0.387
   -66.881     3.532   -69.195    -1.857     0.000     0.576     0.000   416.421   293.615     0.639     0.206    -0.609     0.175
   -65.088     1.963   -65.751    -1.981     0.000     0.553     0.000   415.201   293.345     0.680     0.112    -0.549    -0.019
   -36.812     6.086   -49.356     4.388     2.737     0.511     3.998   415.988   293.390     2.070     1.329    -0.548    -0.192
    46.664    13.412   -23.114    48.341    11.494     0.577    21.434   420.337   293.903     8.026     5.730    -1.821    -0.475
   195.792    24.458    46.000   103.163    16.844     0.582    45.651   432.031   295.350    22.171    15.468    -6.032    -0.672
   330.635    19.956   119.621   155.148    19.452     0.630    62.407   442.899   296.546    35.910    24.747   -10.561    -0.602
   462.558    23.498   182.348   206.375    21.192     0.617    80.338   454.929   298.102    50.337    35.018   -15.048    -0.271
   604.355    20.831   268.093   256.201    21.873     0.746    98.260   466.571   299.569    59.230    45.534   -13.984     0.288
   551.643    -2.814   266.261   248.559    21.893     0.764    87.131   463.682   299.054    39.638    36.813    -3.577     0.752
   623.813     3.693   308.906   263.573    22.145     0.787    96.750   466.692   299.347    47.641    42.050    -6.238     0.646
   270.408   -20.980   121.334   165.317    19.353     0.938    46.616   448.996   297.444     4.737    10.910     5.681     0.492
   513.362     7.163   243.110   224.006    21.710     1.021    84.992   456.184   298.253    39.082    31.736    -7.077    -0.269
   369.127   -23.603   189.582   194.470    19.928     0.821    66.354   447.776   296.910     8.679    14.265     5.262     0.324
    67.035   -38.907    12.035    98.417    11.514     0.643    18.755   432.980   295.473    -4.511    -1.802     2.452     0.256
    41.849   -16.335    21.349    46.848     9.240     0.553    14.622   421.979   293.603   -10.013    -4.266     5.976    -0.228
    96.670    -6.062    28.196    74.622    12.146     0.646    30.564   422.034   293.598    -0.086    -0.040     0.591    -0.544
    36.018   -16.178    20.891    41.348     8.216     0.584    20.377   413.920   292.160   -10.043    -4.954     5.564    -0.475
   -36.009   -25.070    -9.068    13.272     0.627     0.696     0.898   403.326   290.494   -15.142    -9.229     6.430    -0.517
   -74.858   -33.687   -36.562    18.004     0.000     0.650     0.000   390.019   288.370   -22.613   -13.953     9.011    -0.351
   -27.070   -17.130     0.324    11.335    -0.000     0.734     0.000   386.658   287.455   -21.599   -12.575     9.358    -0.334
   -12.141    -7.906    12.310     3.506     0.000     0.608     0.000   383.880   286.783   -20.051   -11.891     8.525    -0.365
   -10.330    -2.682    12.907    -1.166     0.000     0.510     0.000   381.079   286.240   -19.389   -11.960     7.924    -0.495
    -7.650    -2.665    10.798     5.627     0.000     0.510     0.000   377.884   285.640   -21.410   -12.785     8.540     0.085
    -6.725    -2.477     6.997     7.517    -0.000     0.527     0.000   376.812   285.489   -18.762   -11.874     6.971    -0.084
    -5.569     5.490     2.229     1.357     0.000     0.408     0.000   377.801   285.754   -14.644   -10.487     4.326    -0.169
    -8.097     6.065    -2.445    -0.002     0.022     0.303     0.029   378.989   286.074   -11.715    -9.621     2.320    -0.226
    -0.935     5.953    -0.077     3.299     0.802     0.313     1.024   381.767   286.588   -10.110    -8.100     2.305    -0.295
    18.048     3.609    12.649    11.189     3.715     0.342     4.823   384.275   286.831    -9.399    -6.229     3.569    -0.399
    45.380     8.658    22.512    19.712     7.181     0.352     9.787   388.398   287.540    -5.503    -3.185     2.781    -0.464
    92.988     5.083    48.941    40.248    11.247     0.427    17.910   393.218   288.184    -1.284     0.816     2.556    -0.456
   139.560    -0.930    79.714    60.272    13.541     0.435    24.933   396.238   288.487     0.504     3.995     3.746    -0.255
   243.777     5.082   147.120    86.143    16.395     0.408    39.520   402.959   289.199     5.432    12.055     6.693    -0.070
   333.870    13.653   183.569   114.717    18.425     0.436    51.815   412.611   290.487    21.930    20.537    -1.492     0.099
   460.962    20.741   252.789   155.797    20.558     0.501    70.301   423.969   292.105    31.635    29.406    -2.665     0.436
   666.697     8.350   393.649   227.529    22.864     0.564   106.796   436.345   293.278    37.169    43.195     5.059     0.967
   618.330     6.968   347.444   235.048    22.358     0.540   104.754   440.644   294.301    28.870    36.603     6.381     1.351
   490.361     4.716   237.513   219.187    20.898     0.480    89.964   441.598   295.072    28.945    26.097    -4.257     1.409
   183.444    11.694    35.997   124.621    16.541     0.302    43.799   432.875   295.269    11.132     8.813    -3.286     0.967
   244.784     6.189    75.887   138.717    16.805     0.366    60.044   435.606   295.384    23.990    10.378   -14.067     0.455
    85.048    -6.091     6.038    83.735    12.772     0.383    35.596   426.210   294.462     1.367     1.769     0.027     0.376
   -15.257   -20.073   -20.638    26.815     6.877     0.242    15.138   411.866   291.953    -1.362    -2.767    -1.361    -0.044
   -58.123   -29.722   -18.415    -0.453     0.826     0.075     1.191   386.176   288.840    -9.533   -10.438    -0.574    -0.331
   -52.861   -15.558   -21.967    -1.803    -0.000     0.084     0.000   372.726   287.452   -13.532   -14.780    -0.655    -0.594
   -54.601   -10.635   -25.774    -4.105    -0.000     0.110     0.000   368.638   286.129   -14.087   -15.353    -0.502    -0.764
   -54.240    -6.496   -28.312    -5.260     0.000     0.132     0.000   366.633   285.562   -14.172   -15.301    -0.280    -0.848
   -50.492    -7.931   -23.064    -5.247    -0.000     0.111     0.000   363.514   285.663   -14.250   -15.260    -0.123    -0.886
   -37.933    -1.186   -18.080    -5.433    -0.000     0.098     0.000   365.401   285.892   -13.233   -14.126     0.001    -0.895
   -14.661     8.889    -9.234    -4.366     0.000     0.079     0.000   374.122   286.958    -9.951   -10.667     0.138    -0.853
   -13.915     2.358    -5.916    -2.573    -0.000     0.054     0.000   377.949   286.955    -7.784    -8.322     0.237    -0.775
    -9.527     6.493    -6.480    -3.273     0.077     0.089     0.100   382.231   287.312    -6.267    -6.699     0.265    -0.697
    15.690    16.158     4.338    -1.957     3.675     0.309     5.360   390.282   288.184    -2.850    -2.731     1.072    -0.954
    80.971     5.222    54.514    22.110     9.979     0.380    17.302   394.497   288.321    -0.875     0.300     2.634    -1.458
   186.560    19.991   114.184    42.515    14.872     0.442    36.722   402.784   289.361     9.869     6.738    -1.440    -1.692
   229.846    22.498   119.241    66.835    17.304     0.384    46.769   411.277   290.854    21.271    12.775    -6.748    -1.748
   388.302    21.798   156.524   159.533    20.398     0.417    68.977   430.435   293.996    50.447    26.682   -22.769    -0.996
   499.682    12.697   230.913   210.020    21.881     0.543    84.087   442.098   295.547    46.053    34.772   -11.263    -0.017
   526.742     9.753   235.990   235.411    22.091     0.594    86.318   448.737   296.730    45.587    37.492    -8.595     0.500
   454.947     5.342   186.862   226.288    21.348     0.541    74.948   450.196   297.257    36.455    31.585    -5.613     0.742
   533.915     9.647   224.143   252.200    21.550     0.518    86.366   457.997   298.215    47.926    36.224   -12.584     0.882
   479.368     2.219   192.505   250.535    20.798     0.546    81.858   458.774   298.628    34.109    29.268    -6.053     1.212
   427.115     5.898   159.784   229.450    19.888     0.550    77.839   459.214   298.891    31.983    24.330    -8.604     0.951
   267.337     2.014    69.707   177.887    17.824     0.534    57.023   453.566   298.560    17.729    13.579    -4.697     0.546
   115.964    -9.090    12.571   105.773    14.210     0.559    32.849   442.001   297.050     6.710     4.348    -2.259    -0.102
    29.867   -15.028    -8.070    51.537     9.054     0.500    16.573   431.317   295.429     1.429    -0.014    -0.815    -0.628
   -19.204   -18.110   -26.228    25.189     3.885     0.526     6.780   424.163   294.374    -0.054    -1.549    -0.632    -0.864
   -42.938   -10.581   -31.639     1.327     0.700     0.353     1.019   417.032   293.033    -2.045    -3.434    -0.454    -0.935
   -37.486    -5.912   -23.222    -4.277    -0.000     0.185     0.000   408.364   291.540    -4.074    -5.288    -0.304    -0.909
   -40.676    -5.918   -27.708    -1.227     0.000     0.189     0.000   401.191   290.778    -5.822    -7.150    -0.357    -0.971
   -30.099   -11.931   -11.681     0.464    -0.000     0.075     0.000   392.328   289.807    -6.951    -8.325    -0.337    -1.037
   -41.081   -11.627   -21.348     0.371    -0.000     0.114     0.000   386.618   288.916    -8.478    -9.852    -0.280    -1.094
   -44.244   -14.964   -19.653     0.111     0.000     0.101     0.000   380.023   287.687    -9.739   -11.125    -0.235    -1.151
   -20.543     3.092   -13.316    -2.405    -0.000     0.116     0.000   385.292   288.262    -7.915    -9.215    -0.127    -1.173
   -27.357    -6.120   -11.193    -2.889     0.000     0.094     0.000   384.215   287.850    -7.156    -8.325    -0.021    -1.148
   -13.295     3.831    -8.057    -3.053    -0.000     0.103     0.000   388.060   288.441    -6.016    -7.072     0.051    -1.107
     7.821     9.801     0.877    -0.136     2.142     0.247     2.973   396.410   289.416    -2.721    -3.430     0.617    -1.326
    53.897    11.171    30.567    11.052     8.038     0.388    11.928   401.764   289.866     1.107     0.175     0.955    -1.888
   129.326    13.393    76.178    32.674    13.648     0.416    26.497   407.449   290.504     7.082     4.511    -0.383    -2.187
   338.949    29.531   155.679   113.804    19.579     0.456    65.674   426.163   293.246    39.936    20.989   -16.917    -2.029
   471.955    14.733   230.273   184.862    21.597     0.547    83.267   439.580   295.119    42.087    29.975   -11.006    -1.105
   571.826    11.020   277.808   235.063    22.459     0.528    95.451   451.200   296.688    47.935    38.146    -9.512    -0.277
   651.145    12.006   324.512   266.675    22.536     0.543   105.165   460.695   297.990    47.951    44.636    -3.709     0.394
   606.893     8.512   289.316   266.988    21.832     0.476    98.781   466.190   298.838    42.077    41.525    -1.261     0.709
   627.379    11.135   287.691   278.545    21.054     0.523   101.339   472.427   299.939    50.008    41.943    -9.100     1.035
   473.528     7.621   173.635   257.565    19.881     0.499    81.229   471.130   300.680    34.707    29.136    -6.902     1.331
   296.844     0.350    70.042   204.934    18.318     0.470    56.193   464.069   300.251    21.518    16.928    -5.407     0.817
   362.615    -5.991    93.942   237.116    17.917     0.427    73.900   468.986   300.880    37.547    20.350   -18.048     0.852
   240.460    -6.779    41.051   191.510    16.049     0.459    60.085   463.844   300.456    14.678    10.762    -4.984     1.068
    95.251     2.156   -14.841    98.601    12.823     0.279    37.956   453.036   299.239     9.335     5.379    -4.368     0.411
   -12.619   -20.510   -20.903    26.116     6.634     0.138    14.863   433.947   296.566     2.678    -0.961    -3.372    -0.266
   -50.635   -26.180   -20.190     3.508     0.567     0.076     0.807   409.099   293.816    -7.773    -9.302    -0.874    -0.655
   -48.459   -15.643   -23.823     0.866     0.000     0.096     0.000   399.130   292.390    -9.859   -11.822    -0.952    -1.011
   -44.435   -14.724   -20.537     0.869     0.000     0.089     0.000   393.539   291.192   -10.043   -11.949    -0.709    -1.196
   -40.946   -14.956   -14.695    -0.708    -0.000     0.050     0.000   386.674   289.983   -10.587   -12.352    -0.474    -1.290
   -44.907    -4.945   -24.732    -4.356     0.000     0.100     0.000   385.664   290.975   -10.873   -12.529    -0.313    -1.343
   -46.178   -10.415   -22.300    -2.922    -0.000     0.093     0.000   384.131   289.541   -10.541   -12.118    -0.200    -1.377
   -49.431    -5.477   -36.263     2.249     0.000     0.159     0.000   386.127   289.827    -9.940   -11.399    -0.094    -1.365
   -53.981    -4.178   -44.907     3.932     0.000     0.195     0.000   388.737   290.060    -8.828   -10.172    -0.017    -1.327
   -54.935    -8.434   -37.021    -0.153    -0.000     0.158     0.000   384.961   289.294    -9.327   -10.588     0.019    -1.281
   -35.636    -8.083   -15.625    -2.629     1.825     0.075     3.046   381.634   289.072    -9.299   -10.515     0.025    -1.241
    67.470    48.715     0.428    18.126    11.659     0.082    25.727   406.234   292.847     0.200    -0.710     0.208    -1.119
   201.497    29.193   -10.570   128.311    17.083     0.210    47.959   431.947   295.006    54.563    16.384   -36.713    -1.465
   342.711    30.575    95.265   173.548    19.519     0.303    67.046   447.245   297.162    43.323    20.134   -22.502    -0.688
   467.529    19.796   144.919   232.124    20.556     0.315    82.464   462.195   299.026    70.691    29.570   -41.184     0.063
   450.317    -1.091   132.675   282.418    19.714     0.443    75.280   470.388   300.847    36.315    29.767    -8.120     1.572
   640.793    10.179   252.968   303.520    19.073     0.547   103.616   484.484   302.266    74.126    48.631   -27.662     2.167
   555.578     3.779   210.156   301.307    18.271     0.552    89.422   486.908   303.009    40.335    37.937    -5.785     3.387
   646.544     4.408   277.576   303.176    17.357     0.573   105.914   493.678   303.691    61.384    45.724   -19.123     3.462
   590.968     8.031   254.591   286.804    16.635     0.575   100.835   495.537   304.102    41.541    36.661    -8.833     3.953
   501.968     0.275   195.922   272.899    16.579     0.681    91.575   491.378   303.819    32.872    28.198    -8.082     3.408
   380.908    -1.981   112.602   244.044    15.820     0.552    77.599   486.832   303.596    26.243    19.715    -9.373     2.845
   241.546   -10.372    28.275   208.232    14.681     0.573    60.067   478.375   302.887    15.412    11.805    -5.923     2.316
   101.494    -3.413   -29.977   126.769    12.208     0.430    38.463   465.787   301.376     8.116     5.632    -3.944     1.460
    -8.856   -19.108   -25.049    33.689     6.361     0.179    14.896   444.761   298.011     1.613    -1.529    -3.811     0.670
   -49.166   -25.495   -20.076     5.122     0.444     0.079     0.628   419.308   295.339    -8.717    -9.643    -0.919    -0.007
   -42.777   -15.012   -19.809     2.828    -0.000     0.069     0.000   406.744   294.156   -10.784   -12.302    -1.011    -0.507
   -40.656    -8.652   -23.980     2.707     0.000     0.092     0.000   403.626   294.219   -10.731   -12.270    -0.758    -0.781
   -42.473    -9.930   -25.300     3.113     0.000     0.103     0.000   401.214   293.309   -10.355   -11.800    -0.506    -0.938
   -40.733    -8.566   -23.454     1.926     0.000     0.098     0.000   396.928   292.577   -10.639   -12.007    -0.332    -1.036
   -42.086    -4.252   -26.705    -0.511     0.000     0.113     0.000   394.987   292.543   -10.619   -11.949    -0.227    -1.104
   -44.594    -1.093   -29.956    -3.504    -0.000     0.126     0.000   394.704   291.770   -10.042   -11.328    -0.141    -1.145
   -42.112    -7.482   -21.694    -2.524     0.000     0.093     0.000   389.310   290.893   -10.411   -11.663    -0.084    -1.168
   -37.228    -1.755   -23.889    -1.767    -0.000     0.109     0.000   390.694   291.929    -9.817   -11.028    -0.039    -1.172
   -26.528    15.402   -23.945   -12.333     2.476     0.153     4.590   401.357   291.667    -5.652    -6.722     0.069    -1.139
    56.029    42.315    -8.267    16.557    11.533     0.317    23.381   418.292   293.914     5.424     4.163     0.072    -1.332
   185.249    27.804    28.897   102.678    17.062     0.407    44.844   436.313   296.302    25.870    17.918    -5.825    -2.127
   312.112    33.872    69.499   162.238    19.296     0.405    61.901   455.036   298.849    46.504    28.560   -15.893    -2.052
   378.422    14.296    97.427   220.210    19.948     0.525    69.057   465.286   300.385    46.490    32.752   -12.505    -1.234
   441.566   -10.431   121.183   281.312    19.778     0.596    76.921   473.228   301.566    49.502    37.457   -12.125     0.079
   498.585   -23.509   148.559   322.357    18.859     0.620    84.404   480.769   302.596    51.178    41.106   -12.000     1.929
   237.381   -14.301    -2.290   237.320    17.686     0.558    44.949   468.590   301.554    16.653    17.164    -2.082     2.593
   284.001     3.493    15.423   236.894    17.977     0.493    50.026   469.502   301.694    28.191    23.908    -6.011     1.727
   199.054    10.909    -9.312   180.023    16.615     0.398    36.744   465.412   301.156    17.434    15.625    -3.179     1.369
   178.804    27.492   -44.179   188.983    16.181     0.375    33.749   458.931   300.555     6.508     9.910    -1.446     4.849
    25.216   -21.660    80.932    68.244     5.036     0.514     6.909   428.777   294.217  -102.300   -11.239    33.438    57.623
   178.587   -12.482    57.163    77.020    14.880     0.336    33.246   431.929   294.287    56.886     8.260   -46.592    -2.034
   159.035    22.422    78.183    81.425    13.213     0.449    34.080   435.038   295.174   -22.996     1.939     3.155    21.781
    41.815    -6.935    17.520    26.800     5.987     0.356    12.210   430.398   294.897     4.430     2.883    -2.749     1.201
    -9.648    -5.911   -14.608    11.027     0.530     0.328     0.753   426.901   294.748    -0.156     0.510    -0.212     0.879
   -19.087   -11.105   -26.273    20.179    -0.000     0.444     0.000   424.647   294.485    -1.888    -0.237    -0.295     1.946
   -27.588    -4.542   -27.145     7.503     0.000     0.441     0.000   421.418   293.932    -3.403    -1.344    -0.092     2.152
   -40.961    -3.651   -36.407     1.941    -0.000     0.392     0.000   418.601   293.649    -2.845    -2.176     0.006     0.663
   -39.967    -9.647   -24.595    -1.981    -0.000     0.200     0.000   413.470   292.559    -3.743    -3.808    -0.042    -0.022
   -40.079    -4.039   -24.375    -6.301    -0.000     0.179     0.000   408.644   292.341    -5.365    -5.584    -0.068    -0.152
   -40.191    -3.920   -24.299    -6.621    -0.000     0.174     0.000   407.326   292.167    -5.352    -5.675    -0.075    -0.248
   -51.113    15.194   -53.422   -10.644    -0.000     0.423     0.000   413.660   293.713    -2.241    -2.524     0.025    -0.308
   -57.980    -2.171   -60.656     2.739    -0.000     0.568     0.000   417.645   293.735     2.108     1.058    -0.640    -0.410
   -43.875   -11.818   -30.641    -1.022     1.618     0.275     2.835   414.563   292.771    -0.394    -0.714    -0.140    -0.180
    68.352    15.228    -0.963    46.056    12.043     0.348    25.396   424.304   294.524     8.031     6.468    -1.353    -0.210
   200.854    12.052    33.021   126.543    17.622     0.368    49.204   435.918   295.959    29.238    19.095   -10.098    -0.045
   344.151    14.869    63.374   207.501    20.141     0.386    68.977   448.126   297.611    58.408    32.569   -26.688     0.849
   472.942    19.923   -43.590   301.248    20.972     0.399    84.852   464.079   300.477   195.360    43.381  -156.211     4.232
   573.227   -12.813   122.497   417.856    19.783     0.566    97.372   480.032   302.552    45.687    45.860   -12.392    12.565
   638.658   -20.822   176.893   398.160    17.745     0.663   105.104   492.056   304.077    84.427    63.349   -34.075    12.996
   669.063     4.300   241.460   340.910    17.041     0.791   109.101   496.008   304.360    82.392    66.788   -30.811    15.207
   655.754    -1.600   253.059   330.133    16.814     0.822   109.090   496.322   304.381    74.163    62.748   -27.800    16.386
   600.131     3.602   219.027   317.667    16.395     0.853   104.728   496.769   304.679    59.836    53.617   -22.689    16.470
   508.847     0.743   161.020   302.961    16.048     0.870    94.924   494.654   304.680    44.123    41.471   -18.537    15.885
   384.921     2.069    87.457   267.979    15.788     0.870    81.001   488.280   304.119    27.416    28.152   -13.876    14.611
   239.101     3.668     2.951   218.549    14.620     0.734    62.130   480.966   303.541    13.933    17.651    -8.962    12.680
    91.400     0.872   -53.193   141.248    12.116     0.457    39.754   469.195   302.176     2.473     8.714    -3.572     9.812
   -22.108   -18.999   -44.842    47.323     6.345     0.241    15.660   449.440   298.661    -5.590    -0.997    -1.882     6.476
   -65.144   -17.573   -39.735     7.386     0.295     0.153     0.413   427.244   296.708   -15.222   -11.888    -0.533     3.866
   -60.140    -0.854   -46.875     3.332     0.000     0.187     0.000   423.631   296.466   -15.742   -13.559    -0.482     2.666
   -58.260     2.438   -51.174     3.066     0.000     0.220     0.000   426.834   296.838   -12.591   -10.955    -0.323     1.958
   -49.363     5.953   -48.609     1.610    -0.000     0.244     0.000   432.141   297.350    -8.317    -6.968    -0.194     1.543
   -50.860    18.985   -89.627    12.363    -0.000     0.693     0.000   450.555   300.172     7.419     7.183    -3.582     3.345
   -63.732     0.332   -85.575    10.550    -0.000     0.601     0.000   455.810   300.486    10.961    11.931    -3.663     4.633
   -38.857   -16.428   -75.737    54.438    -0.000     0.337     0.000   445.251   298.196    -1.130     1.577    -0.794     3.502
   -44.900     4.980   -98.777    49.285    -0.000     0.628     0.000   445.226   299.172    -0.388     2.115    -1.323     3.826
   -50.290     9.287   -85.307    16.855     0.000     0.675     0.000   452.336   299.870     8.875     9.143    -3.947     4.215
   -45.009    -4.069   -65.685    16.736     0.000     0.564     0.000   451.553   299.433     8.009     9.104    -3.127     4.222
   -37.611    13.360   -50.590    -6.521     0.015     0.529     0.018   447.991   298.669     6.139     7.324    -2.584     3.769
   -10.954     1.296    -7.944    -8.727     1.925     0.157     2.602   435.795   295.926     4.421     0.579    -6.027     2.185
    39.807    17.605   -21.091    42.220     7.957     0.360    11.373   437.771   297.074     1.073     2.501    -0.245     1.673
   185.163    23.167    25.000   113.342    18.006     0.346    36.163   448.743   298.194    23.654    18.210    -6.448     1.005
   373.475    19.720    95.821   197.596    20.622     0.462    62.962   464.475   300.113    60.337    38.197   -23.389     1.248
   314.766    12.651    65.323   191.907    19.942     0.509    53.674   468.013   300.938    44.886    34.512   -12.887     2.512
   448.543    12.956   107.102   259.998    19.555     0.660    73.440   482.239   303.124    68.486    50.567   -20.971     3.052
   298.512    -5.673    31.958   230.283    18.360     0.769    50.272   479.266   302.981    41.944    33.962   -12.726     4.745
   221.453   -13.280     2.292   204.498    17.500     0.599    40.789   473.123   302.239    27.943    23.875    -9.177     5.109
   320.236     6.912    58.609   217.550    18.062     0.723    58.646   477.088   302.570    37.166    29.485   -12.511     4.829
   247.955    -8.184    10.241   216.989    16.540     0.790    52.837   477.363   302.962    28.909    23.546   -10.762     5.399
   232.267    -5.903    -4.300   212.674    14.889     0.816    57.127   481.338   303.765    29.797    23.100   -12.517     5.820
    87.966   -13.105   -64.332   147.856    11.509     0.701    34.678   475.677   303.240    17.548    16.114    -7.648     6.215
   -31.434   -20.566   -71.588    53.410     4.489     0.566     9.886   466.004   301.769     7.310     8.610    -4.701     6.000
   -65.467   -16.698   -56.396     8.466     0.096     0.362     0.131   454.934   299.355    -0.839     1.996    -1.655     4.489
   -47.212    -5.999   -34.439     0.424     0.000     0.183     0.000   440.365   298.061    -7.198    -4.977    -0.455     2.676
   -41.492     0.274   -32.595    -0.999    -0.000     0.173     0.000   435.181   297.606    -8.172    -6.678    -0.406     1.901
   -43.718    -0.552   -32.531    -2.106     0.000     0.165     0.000   430.773   296.976    -8.529    -7.404    -0.295     1.420
   -47.086     5.522   -42.750    -2.332    -0.000     0.222     0.000   431.512   297.071    -7.527    -6.656    -0.209     1.079
   -61.445    18.742   -87.406     3.300    -0.000     0.653     0.000   445.075   299.166     3.919     3.697    -1.978     1.756
   -66.775    -1.741   -76.384     4.809     0.000     0.576     0.000   447.572   298.976     6.540     6.485    -2.248     2.193
   -62.362    -5.386   -65.133     5.157    -0.000     0.433     0.000   444.707   298.449     3.001     4.104    -0.826     1.929
   -58.462     3.407   -75.115     6.352     0.000     0.653     0.000   447.003   298.928     6.894     6.236    -2.783     2.126
   -40.819     6.439   -57.501     3.227     2.204     0.528     3.423   447.365   298.784     7.016     6.999    -2.058     2.041
    13.879     6.989   -54.494    49.456     8.773     0.595    14.785   449.945   299.245    11.928    10.334    -3.393     1.799
   194.104    15.800    -5.590   152.162    16.827     0.718    46.090   461.643   300.784    31.733    23.184   -10.379     1.830
   292.957    14.860    36.805   193.695    18.250     0.899    56.161   471.123   301.864    47.597    32.841   -17.132     2.375
   352.645    14.406    59.130   223.703    18.840     0.913    63.646   478.247   302.856    55.406    39.873   -18.613     3.081
   482.109    19.313   126.495   260.903    18.376     1.048    80.062   490.710   304.479    75.399    53.341   -25.915     3.857
   321.004    -1.410    43.644   232.395    18.224     1.081    54.411   485.088   303.854    46.376    35.718   -15.834     5.177
   486.071    -8.342   180.538   261.762    19.808     1.244    75.766   483.145   302.881    52.113    41.504   -16.083     5.474
   148.553   -26.215    56.654   151.812    16.540     0.824    28.498   454.887   298.782   -33.698    -1.456    23.600     8.643
   277.031    -7.100    69.213   205.280    19.509     0.811    46.102   454.665   298.823     9.638    12.708    -1.512     4.583
   327.956     0.505    60.755   251.316    19.641     0.781    58.831   459.617   299.753    15.380    17.364    -2.854     4.838
   205.921   -27.979    25.545   211.135    17.282     0.681    43.854   451.974   298.612    -2.780     4.777     1.517     6.039
   134.664   -59.878   -47.542   251.298    14.175     0.818    33.681   447.579   298.443    -9.215    -0.392     1.269     7.554
   159.242   -53.531   -21.875   248.876    13.797     0.896    50.268   444.436   297.736   -14.228    -1.980     2.194    10.054
    -1.020    -7.711   -47.417    71.984     7.819     0.371    21.480   430.571   295.468   -17.875    -9.611     0.595     7.669
   -84.820   -20.779   -51.524    11.784     0.400     0.224     0.558   407.785   291.580   -24.301   -19.018     0.418     4.865
   -74.783    -2.179   -46.227     1.320    -0.000     0.172     0.000   390.411   290.187   -27.698   -24.608     0.086     3.004
   -69.512    -2.442   -42.817     2.534     0.000     0.161     0.000   385.070   289.639   -26.787   -24.645     0.091     2.051
   -66.134    -3.380   -38.172     1.341    -0.000     0.141     0.000   380.534   289.275   -25.922   -24.331     0.152     1.440
   -68.378     2.262   -46.631     0.370    -0.000     0.177     0.000   381.890   289.002   -24.379   -23.166     0.192     1.022
   -72.808     0.147   -51.464     1.107     0.000     0.216     0.000   383.595   288.686   -22.599   -21.636     0.218     0.744
   -74.228    -3.385   -50.651     1.794     0.000     0.228     0.000   382.507   288.102   -21.987   -21.190     0.234     0.563
   -73.905    -4.915   -48.231     1.398    -0.000     0.215     0.000   378.944   287.439   -22.157   -21.489     0.235     0.433
   -72.259    -5.471   -44.735     0.501     0.000     0.196     0.000   374.478   286.588   -22.554   -21.983     0.234     0.337
   -64.376    -2.342   -34.262    -6.745     1.480     0.192     2.550   376.495   286.874   -21.027   -20.522     0.240     0.265
    43.504    13.298   -14.583    56.316    11.008     0.390    25.499   396.974   290.645   -11.526    -8.925     1.724     0.876
   188.858    13.571    53.134   114.433    16.427     0.417    49.474   416.918   292.725     7.719     8.479    -2.120     2.879
   334.911     7.233   119.657   175.860    19.213     0.518    69.165   429.460   294.266    32.161    23.864   -12.432     4.135
   468.438    -4.382   173.367   249.454    20.932     0.580    86.222   439.459   295.620    49.998    36.547   -19.520     6.068
   572.818     6.699   204.444   282.142    21.788     0.537    98.916   449.598   296.903    79.532    45.940   -41.484     7.891
   641.702     7.439   260.847   311.924    21.904     0.594   107.043   456.898   297.967    61.493    50.260   -21.192     9.959
   671.844     0.091   295.285   317.690    21.815     0.546   110.425   459.615   298.223    58.780    49.820   -19.912    10.953
   670.038     4.498   321.683   308.390    21.476     0.510   110.840   462.714   298.330    35.467    45.773    -0.960    11.265
   605.732     7.869   245.033   303.883    20.767     0.528   105.396   464.253   299.081    48.946    39.632   -20.205    10.890
   510.686    -5.845   185.465   303.936    19.634     0.541    96.338   463.807   299.523    27.130    28.963    -9.784    11.616
   377.961    -0.684   103.686   256.143    18.081     0.416    81.052   460.565   299.475    18.816    18.037   -12.037    11.259
   220.016     2.635    22.867   193.684    15.915     0.375    60.255   452.825   298.857     0.830     7.504    -3.507    10.181
    76.119     9.086   -21.221    94.064    12.519     0.236    37.426   440.010   297.139    -5.811    -0.657    -1.786     6.940
   -22.988   -20.003   -26.901    37.121     6.627     0.130    15.622   418.822   294.521   -13.206    -8.908    -0.399     4.698
   -68.242   -20.390   -31.128     4.846     0.290     0.107     0.397   395.370   291.677   -21.570   -18.575    -0.356     3.351
   -63.364    -6.765   -35.590     3.449    -0.000     0.125     0.000   387.115   291.011   -24.457   -22.281    -0.296     2.472
   -57.265    -3.411   -28.886    -0.810     0.000     0.108     0.000   382.594   289.844   -24.157   -22.438    -0.156     1.875
   -51.399    -2.945   -24.909     0.308     0.000     0.085     0.000   378.787   289.480   -23.853   -22.420    -0.021     1.454
   -54.145     2.145   -32.981    -0.680    -0.000     0.127     0.000   380.607   289.695   -22.629   -21.419     0.065     1.145
   -63.301     6.638   -40.129    -8.436     0.000     0.154     0.000   381.371   289.029   -21.374   -20.326     0.127     0.921
   -69.306     1.171   -48.563    -1.904     0.000     0.207     0.000   383.787   288.748   -20.010   -19.089     0.166     0.755
   -71.272    -8.436   -47.851     4.328     0.000     0.212     0.000   382.785   288.275   -19.313   -18.498     0.188     0.627
   -64.330    -3.885   -43.836     2.314    -0.000     0.181     0.000   381.019   288.798   -18.922   -18.210     0.197     0.516
   -54.033     3.454   -45.306     4.162     2.068     0.215     2.805   385.793   289.102   -16.342   -15.707     0.205     0.430
    41.179    27.334   -21.341    40.920    11.632     0.378    23.874   403.762   291.935    -5.735    -4.260     0.732     0.744
   187.460     3.518    42.004   126.443    16.516     0.572    48.350   421.875   293.731    15.496    12.911    -4.679     2.094
   319.493     1.668    85.180   197.786    19.008     0.651    65.879   434.836   295.594    34.859    26.916   -11.373     3.430
   438.470    17.616   123.807   239.851    20.582     0.568    80.967   448.662   297.521    57.196    40.721   -20.964     4.490
   567.384    15.189   176.084   288.440    21.183     0.551    97.228   461.857   299.159    87.671    52.182   -41.411     5.923
   632.578     6.100   233.921   318.301    20.855     0.634   104.912   469.548   300.182    74.255    55.164   -27.155     8.063
   649.913    -5.595   247.116   338.502    19.971     0.679   107.005   475.401   301.090    69.890    55.875   -23.630     9.614
   608.570     5.160   220.010   324.393    19.073     0.713   102.330   479.534   301.911    59.007    50.731   -18.771    10.495
   534.719    13.829   176.439   293.088    18.274     0.601    93.651   481.133   302.328    51.362    41.949   -19.933    10.520
   463.370     6.795   139.162   281.383    17.549     0.664    86.716   480.579   302.519    36.031    32.898   -13.374    10.242
   266.553    -4.010    46.981   215.863    16.787     0.697    58.880   465.607   300.692     7.719    12.819    -4.366     9.466
   102.496     2.997    -0.245   113.042    13.830     0.434    33.335   448.598   298.356   -13.298    -0.841     5.134     7.323
    55.612    21.225    -8.762    47.853    11.754     0.115    29.277   441.127   297.468    -4.703    -1.257    -0.717     4.164
   -13.636   -20.546   -18.209    34.832     6.786     0.122    16.166   427.345   295.663    -9.712    -6.770    -0.372     3.314
   -69.809   -26.707   -37.223    11.141     0.249     0.147     0.341   408.279   292.647   -17.020   -15.070    -0.287     2.237
   -58.325     0.018   -42.095     2.259     0.000     0.180     0.000   404.351   292.958   -18.507   -17.238    -0.285     1.554
   -52.361     1.924   -58.254    16.317     0.000     0.355     0.000   417.523   295.398   -12.349   -11.057     0.014     1.278
   -67.027   -17.130   -60.367    18.465     0.000     0.411     0.000   423.789   294.794    -7.996    -5.373     0.379     2.244
   -63.757    -9.165   -54.440     9.354     0.000     0.346     0.000   420.026   294.089    -9.506    -7.017     0.212     2.277
   -56.788    -1.062   -48.915     3.123    -0.000     0.304     0.000   417.056   293.842    -9.935    -8.008     0.065     1.861
   -40.321     2.811   -30.025    -3.113    -0.000     0.191     0.000   413.704   293.395    -9.994    -8.335     0.031     1.629
   -44.629     4.215   -31.157    -6.577     0.000     0.168     0.000   408.696   292.965   -11.110    -9.694     0.006     1.411
   -37.024     3.111   -24.929    -3.886    -0.000     0.138     0.000   406.145   292.742   -11.320   -10.122    -0.003     1.201
   -28.276    16.994   -30.268    -6.823     1.010     0.206     1.370   413.007   293.744    -8.178    -7.121     0.023     1.033
    10.027    47.947   -46.713    -0.075     7.072     0.744    10.798   430.362   296.082     8.868     6.256    -3.581     0.969
   118.138     6.052     2.166    87.467    14.901     0.950    29.772   438.589   296.715    22.453    14.150    -9.149     0.846
    76.753   -20.016    -6.210    98.557    11.910     0.734    18.296   431.138   295.283     4.423     4.552    -1.572     1.701
   172.149     3.463    60.754    99.270    17.133     0.456    33.419   430.377   294.716     8.663     9.023    -1.164     1.524
   513.576    27.421   153.946   272.998    22.077     0.743    84.626   454.346   298.513    59.210    43.922   -16.819     1.532
   489.799    10.309   145.201   276.305    21.232     0.812    80.297   465.684   300.236    57.983    45.433   -15.798     3.247
   454.886    -2.680   137.822   268.108    20.486     0.595    73.112   468.154   300.457    51.636    39.528   -16.701     4.593
   375.881    -1.786    92.456   249.223    19.507     0.576    61.156   467.675   300.666    35.989    30.838   -10.427     5.276
   440.491    -0.252   132.452   264.863    19.307     0.617    72.589   472.188   301.164    43.428    34.181   -14.813     5.567
   434.647   -26.800   127.027   300.153    18.574     0.801    80.779   472.944   301.468    34.266    30.261   -11.006     7.001
   381.776   -23.794   106.212   275.470    17.460     0.857    80.305   470.488   301.226    23.887    22.427    -9.554     8.094
   234.081   -26.915    28.124   226.574    15.657     0.791    63.128   460.862   300.132     6.298    10.154    -4.768     8.624
    83.650   -18.897   -43.189   151.869    12.656     0.687    41.825   447.870   298.541    -6.133     0.859    -1.106     8.097
   -40.947   -13.429   -57.371    44.071     6.471     0.404    16.374   430.894   295.315   -14.219    -7.893     0.110     6.216
   -96.804   -19.336   -65.142     8.184     0.280     0.346     0.388   414.643   292.200   -20.510   -15.394     0.341     4.775
   -83.155    -5.146   -52.753    -1.764    -0.000     0.225     0.000   397.306   290.380   -23.493   -20.476    -0.113     3.130
   -74.920    -5.028   -44.559    -0.795    -0.000     0.181     0.000   387.218   289.109   -24.538   -22.297    -0.141     2.382
   -71.817    -1.060   -45.011    -1.179    -0.000     0.191     0.000   383.237   288.414   -24.567   -22.756    -0.065     1.876
   -64.557     0.052   -39.092    -1.889    -0.000     0.180     0.000   381.036   287.881   -23.628   -22.098     0.021     1.508
   -59.924     1.515   -36.904    -2.019     0.000     0.181     0.000   380.282   287.703   -22.515   -21.183     0.096     1.236
   -56.188    -1.746   -31.786    -1.014     0.000     0.160     0.000   378.153   287.184   -21.642   -20.470     0.145     1.027
   -48.760     1.769   -27.744    -2.131    -0.000     0.149     0.000   377.463   287.195   -20.654   -19.622     0.176     0.856
   -46.828     1.686   -26.771    -2.346    -0.000     0.146     0.000   377.872   287.335   -19.398   -18.482     0.197     0.718
   -42.035     1.378   -17.405    -9.437     1.733     0.135     3.335   383.454   287.943   -16.571   -15.736     0.219     0.616
    27.458    15.182     0.328    21.639     7.492     0.250    12.062   398.809   290.354    -9.691    -7.740     1.163     0.788
   197.320     1.936    94.767    99.098    15.821     0.534    44.654   412.212   291.450     1.518     5.010     1.597     1.895
   240.939     6.179   114.477   109.849    17.371     0.536    49.392   418.020   292.260    10.434    11.705    -1.111     2.382
   367.564     6.761   197.331   142.729    19.421     0.526    62.776   424.932   292.872    20.743    20.590    -2.948     2.796
   347.685    -1.391   178.002   158.945    19.575     0.415    58.574   428.515   293.403    12.130    21.382     5.899     3.353
   385.504     1.766   166.365   181.969    20.199     0.422    62.829   433.639   294.159    35.403    26.588   -12.511     3.695
   332.546    12.871   135.048   166.967    19.580     0.459    54.892   434.319   294.842    17.660    21.393    -0.480     4.213
   299.979     3.161   105.611   170.504    19.250     0.502    53.056   434.712   295.178    20.704    20.642    -4.137     4.075
   267.481    -4.179    94.792   164.929    18.529     0.595    50.012   432.768   294.961    11.938    15.413    -0.802     4.277
   230.011     2.152    78.772   141.593    17.439     0.372    44.788   432.463   294.961     7.494    10.809    -0.852     4.167
   180.803     3.342    50.929   121.668    16.062     0.362    40.353   431.192   294.928     4.864     7.229    -1.455     3.820
   113.821    -6.720    19.745   102.458    13.934     0.447    33.975   426.548   294.421    -1.662     2.316     0.370     3.608
    21.521   -18.154   -18.593    65.835     9.341     0.345    18.645   418.284   293.298    -7.567    -3.219     0.998     3.351
   -35.036   -22.577   -37.009    35.577     4.073     0.373     7.970   410.606   292.011   -11.026    -7.252     0.733     3.042
   -68.527   -13.837   -43.655     3.682     0.545     0.289     0.772   399.887   289.619   -14.716   -11.871     0.368     2.478
   -64.385   -12.723   -36.297     3.261    -0.000     0.168     0.000   383.332   287.843   -18.626   -16.885     0.001     1.741
   -67.019    -9.324   -39.279     2.619    -0.000     0.167     0.000   374.429   286.675   -21.036   -19.752    -0.047     1.332
   -71.466   -12.463   -38.156     2.479    -0.000     0.146     0.000   364.810   285.334   -23.325   -22.310    -0.007     1.022
   -69.221    -8.813   -35.698     0.453     0.000     0.132     0.000   357.503   284.691   -25.163   -24.344     0.052     0.768
   -72.383    -0.782   -49.594     2.296    -0.000     0.191     0.000   360.752   284.895   -24.304   -23.613     0.123     0.568
   -67.242    -3.109   -41.426    -0.017     0.000     0.171     0.000   360.974   284.600   -22.689   -22.042     0.205     0.441
   -47.730    -2.404   -22.392    -1.328     0.000     0.107     0.000   358.749   284.705   -21.607   -20.981     0.263     0.362
   -51.793     1.409   -29.979    -2.383    -0.000     0.132     0.000   359.852   284.966   -20.840   -20.249     0.286     0.305
   -42.853    10.421   -35.341    -0.635     2.561     0.197     3.543   369.190   285.897   -17.299   -16.720     0.305     0.273
    43.806    18.096    -6.663    40.012    10.662     0.280    23.255   387.286   288.642    -7.639    -6.114     1.039     0.486
   203.297    17.040    75.517    95.919    15.807     0.395    49.520   407.447   290.703    14.821    10.310    -6.058     1.547
   278.950    22.801   106.064   117.989    17.757     0.418    55.508   419.243   292.367    32.097    19.197   -14.931     2.031
   482.831    16.340   186.088   195.718    20.873     0.501    83.372   435.283   294.022    84.685    33.912   -53.686     2.913
   363.190    14.825   166.736   174.477    19.818     0.417    61.424   435.344   294.755     7.152    21.462    10.028     4.281
   482.701     4.763   171.305   238.520    21.201     0.519    78.564   444.772   296.269    68.114    39.519   -32.431     3.835
   608.618     3.702   281.091   275.058    21.975     0.649    97.914   451.261   296.934    48.767    43.894   -10.410     5.537
   580.050     5.880   256.121   270.465    21.294     0.613    94.599   455.892   297.750    47.584    40.466   -13.129     6.011
   458.960    -0.534   184.519   247.357    20.259     0.567    80.463   452.943   297.724    27.619    28.303    -5.624     6.308
   330.977    -2.961    93.646   221.131    18.522     0.496    62.559   450.387   297.862    19.161    18.956    -6.160     5.955
   226.815    -4.887    52.040   173.566    16.549     0.602    47.527   443.402   296.992     6.096     9.326    -2.264     5.493
    80.067   -16.714    18.214    96.707    12.833     0.569    28.189   426.600   294.470   -18.139    -3.396    10.028     4.715
    24.799     8.468    -2.053    25.593     7.933     0.129    14.106   419.969   293.421    -7.209    -3.062     1.166     2.981
     4.227     0.759    -2.581    12.937     6.225     0.047    14.158   412.544   293.169    -6.889    -4.873    -0.111     2.126
   -69.957   -48.137   -19.108    19.821     0.000     0.111     0.000   387.901   288.160   -22.533   -14.459     5.769     2.305
   -39.370    -1.879   -17.806    -0.214     0.000     0.074     0.000   376.661   288.209   -19.471   -18.365    -0.253     1.358
   -50.103   -13.609   -14.296    -1.470     0.000     0.039     0.000   368.553   286.376   -20.728   -19.834    -0.099     0.993
   -50.525    -3.481   -21.511    -3.776     0.000     0.071     0.000   365.480   286.713   -21.757   -21.065    -0.019     0.711
   -63.957   -67.479    51.827    71.902     0.002     0.226     0.002   362.998   282.445  -120.208   -26.254    85.347     8.607
   -45.291   -12.810   -11.571    -0.747     0.056     0.039     0.072   344.646   280.774   -20.163   -18.941    -1.197     2.419
   -22.372    11.906    -7.406    -0.526     0.017     0.039     0.021   348.556   281.345   -26.346   -22.877     0.668     2.801
   -16.901    40.199   -22.753   -13.713     0.006     0.134     0.007   366.562   288.445   -20.634   -18.136     0.619     1.879
   -21.958   -54.525   261.795   270.249     0.021     0.257     0.027   366.386   283.359  -499.476   -14.511   271.108   213.858
   -26.685   -43.330    -6.598    -0.232     2.536     0.039     3.983   349.822   281.295    23.476    14.532    -5.621    -3.323
    61.577    66.298    -4.805    -0.124     9.013     0.130    18.961   373.562   288.722     0.208     2.698     0.953     1.536
    83.501    58.431    -8.443    19.121    10.738     0.221    17.485   400.055   290.933    14.392    16.488     0.770     1.326
   137.449    25.856   -10.975    78.830    13.910     0.475    26.199   409.420   291.722    43.738    31.782    -9.658    -2.298
   201.756    15.925    10.586   121.432    16.274     0.346    35.000   418.091   292.965    53.813    36.983   -14.064    -2.766
   234.377    31.300     5.500   142.078    17.610     0.313    38.579   429.770   295.135    55.499    42.161   -11.405    -1.933
   279.715    17.208  -117.835   170.990    18.759     0.131    44.753   440.299   296.489   209.351    43.181  -166.262     0.092
   608.924    14.576   -26.943   336.659    21.799     0.398    97.429   461.628   297.809   284.632    60.093  -232.786     8.247
   530.976    19.677   185.791   306.453    21.174     0.720    83.194   458.505   298.524    19.055    34.638    -1.220    16.803
   462.223   -29.362   170.798   277.596    20.389     0.688    75.159   450.991   297.336    43.191    33.055   -22.172    12.036
   400.391    -3.384    98.641   236.254    19.299     0.438    68.807   449.128   297.464    68.880    24.511   -57.266    12.898
   318.165    -6.455    83.664   205.850    17.891     0.256    63.156   447.087   296.949    35.106    14.221   -35.016    14.131
   193.384    11.204    38.331   141.485    15.336     0.409    46.819   443.190   296.979     2.365     8.979    -4.238    10.852
    86.315     9.184    -9.427    79.070    11.886     0.141    31.995   438.006   296.693     7.488     6.317    -8.408     7.238
   -28.935   -72.292    28.780    66.994     5.162     0.135    11.251   410.318   291.563   -52.418    -8.592    34.871     8.954
   -73.873   -37.128    99.790    42.276     0.506     0.256     0.714   397.692   290.303  -178.811   -10.927   157.623    10.261
   -50.881   -42.900    -9.631     6.369     0.004     0.078     0.005   376.411   285.627    -4.720    -6.952    -5.429     3.197
   -31.976     3.842   -11.435    -0.630     0.004     0.039     0.005   362.550   285.142   -23.754   -19.807     1.052     2.895
    -3.417    19.173    -4.393    -0.657     0.002     0.039     0.003   376.664   286.991   -17.540   -14.881     0.515     2.143
    -3.224    11.572    -2.385    -1.248     0.006     0.039     0.008   387.011   288.442   -11.163    -8.984     0.391     1.788
    -9.738     4.428    -3.695    -1.305     0.006     0.039     0.008   388.790   288.553    -9.166    -7.262     0.303     1.601
    -9.599     3.484    -3.645    -0.777     0.005     0.039     0.007   388.648   288.520    -8.661    -7.020     0.215     1.425
   -15.822     2.359    -9.033    -0.702     0.010     0.111     0.012   389.113   288.045    -8.446    -7.015     0.160     1.271
   -15.062     1.764    -8.588     0.160     0.020     0.128     0.025   388.413   288.070    -8.398    -7.134     0.133     1.131
    -0.608     7.678    -1.546    -0.350     1.110     0.039     1.491   391.740   289.046    -6.389    -5.265     0.120     1.004
    20.919    39.070   -18.257    -2.534     5.275     0.495     7.520   405.709   291.707     2.640     2.993    -1.125     1.478
   123.201     2.867    34.342    69.922    13.882     0.599    29.543   413.016   291.962    16.070    11.803    -5.925     1.657
   136.053    29.565    16.533    67.310    14.348     0.465    26.269   423.502   294.121    22.646    17.815    -6.234     1.403
   453.087    14.009   122.164   187.800    20.799     0.516    77.332   441.007   295.575   129.114    43.238   -87.784     1.908
   534.922    17.162   219.710   229.808    21.786     0.626    88.266   449.693   296.893    68.242    46.825   -26.514     5.098
   554.317    21.489   208.370   245.969    21.683     0.712    88.647   458.864   298.553    78.489    54.805   -28.494     4.810
   605.887    56.994   200.567   249.364    20.316     0.782    95.790   478.275   301.891    98.961    68.025   -34.928     3.992
   537.634     6.490   170.760   273.316    19.531     0.717    87.392   481.284   302.357    87.067    59.286   -32.858     5.076
   542.712   -16.560   226.516   267.622    20.457     0.835    91.446   472.321   300.616    65.134    45.624   -26.191     6.682
   476.098    -3.562   187.042   248.091    19.672     0.776    85.382   469.916   300.506    44.526    34.911   -16.491     6.876
   358.432     2.522   120.577   204.934    18.184     0.753    71.794   466.648   300.370    30.398    24.095   -12.630     6.326
    54.604   -23.242    -9.050    87.034    10.999     0.610    20.079   448.149   298.157    -0.137     2.822    -3.102     6.061
     8.743    -7.525   -16.722    35.900     5.683     0.449     9.534   442.014   297.343    -2.910     0.498    -1.237     4.646
   -11.983    -1.886   -17.839    10.641     2.320     0.320     4.175   439.121   296.889    -2.899    -0.034    -0.526     3.391
   -24.589    -3.615   -20.409     3.003     0.344     0.279     0.487   435.288   296.182    -3.569    -1.399    -0.301     2.471
   -44.637    -3.937   -39.237     4.965    -0.000     0.509     0.000   430.792   295.724    -6.428    -3.229     0.356     2.843
   -63.548   -15.690   -45.155     9.585    -0.000     0.532     0.000   422.608   294.278   -12.288    -7.347     2.031     2.910
   -56.774   -17.539   -27.208     1.857    -0.000     0.194     0.000   408.783   291.293   -13.884   -11.301     0.741     1.842
   -38.300    -3.596   -18.435    -0.617    -0.000     0.110     0.000   397.872   290.952   -15.652   -14.596     0.032     1.024
   -38.788     2.260   -24.554    -2.420     0.000     0.164     0.000   401.153   291.302   -14.073   -13.400     0.019     0.654
   -48.737    -3.604   -30.338    -1.531     0.000     0.202     0.000   401.670   291.077   -13.265   -12.766     0.056     0.443
   -41.419    -1.307   -25.660    -2.113    -0.000     0.180     0.000   401.547   291.151   -12.340   -11.970     0.076     0.293
   -60.512    -9.636   -34.789    -2.357     0.000     0.183     0.000   395.783   290.250   -13.730   -13.461     0.086     0.184
   -40.058    -3.708   -15.197    -8.973     1.545     0.120     2.888   398.519   290.902   -12.180   -12.017     0.088     0.075
     5.877    14.863    -4.962     2.408     6.995     0.093    13.706   407.351   292.239    -6.433    -6.284     0.112     0.037
   107.118     9.262    13.094    76.908    14.301     0.229    29.844   424.691   294.266     7.855     6.351    -2.185     0.682
   332.245    13.677    98.892   173.437    19.394     0.459    64.759   441.838   296.441    46.238    27.393   -20.693     1.848
   369.656     7.067   116.509   192.485    19.933     0.502    64.340   449.723   297.498    53.596    33.079   -23.877     3.360
   485.898     7.818   187.734   228.990    21.200     0.620    79.364   456.030   298.169    61.356    42.409   -23.334     4.386
   574.342     5.236   236.864   263.319    21.746     0.664    92.232   462.052   298.903    68.923    49.889   -24.539     5.505
   517.537    14.813   198.188   248.128    21.014     0.692    81.602   465.613   299.690    56.409    44.855   -17.621     6.067
   611.913     4.362   267.124   276.580    21.282     0.773    98.937   469.647   300.047    63.848    50.212   -20.079     6.444
   580.373     7.692   240.278   274.591    20.285     0.702    97.776   474.117   300.847    57.812    44.727   -20.208     7.124
   511.594     3.927   198.405   261.662    19.078     0.640    91.416   476.084   301.338    47.600    35.597   -19.516     7.513
   377.124    -2.247   111.451   233.655    17.468     0.492    76.499   474.079   301.503    34.264    23.766   -18.228     7.730
   227.366     1.517    -5.604   176.050    15.138     0.271    55.433   469.458   301.506    55.403    12.402   -50.788     7.787
    93.322     4.811     2.073    95.481    12.041     0.389    35.279   458.125   299.854    -9.044     0.743     2.605     7.181
   -35.459   -34.444     1.012    21.677     3.479     0.233     7.101   433.977   295.395   -23.705    -9.475     9.730     4.499
   -40.313   -12.208   -14.562     1.301     0.009     0.081     0.011   414.949   293.787   -14.844   -12.905    -0.373     2.311
   -32.881     0.999   -18.878     0.877    -0.000     0.117     0.000   413.644   293.850   -15.879   -14.327    -0.158     1.710
   -28.593    12.541   -31.428     1.582    -0.000     0.282     0.000   424.636   296.013   -11.289    -9.934    -0.004     1.359
   -39.960     3.957   -39.075     2.047    -0.000     0.508     0.000   433.210   296.249    -6.888    -3.774     0.825     2.289
   -36.191     1.942   -34.597     1.747     0.000     0.497     0.000   433.826   296.237    -5.283    -2.423     0.464     2.396
   -13.796    -3.651   -25.244    45.473     0.036     0.622     0.048   430.091   295.317   -30.374    -4.776     2.142    23.456
   -12.936   -18.669     1.919    44.080     0.047     0.683     0.062   421.515   293.588   -40.266    -8.234     6.858    25.174
   -13.737    -9.561    -4.908    28.811     0.010     0.620     0.013   417.977   293.073   -28.079    -8.028     4.535    15.516
   -16.060    14.346   -17.334    -1.483    -0.000     0.438     0.000   419.970   293.774   -11.589    -5.363     1.273     4.953
    -7.020     5.149    -9.620     6.451     0.229     0.463     0.286   422.792   294.034    -9.001    -3.040     1.146     4.815
     4.269     0.665    -2.147    12.648     1.904     0.447     2.583   423.975   294.121    -6.897    -1.656     0.759     4.482
     3.892     0.337    -2.335    10.858     1.649     0.387     2.150   424.309   294.170    -4.968    -1.084     0.423     3.461
    38.995     1.385    15.702    25.453     5.978     0.447     8.067   425.938   294.267    -3.546     1.258     0.057     4.748
    57.639     5.894    17.729    32.207     8.167     0.522    11.144   428.485   294.717     1.810     4.200    -1.134     3.524
    84.908     0.484    21.159    58.473    10.947     0.586    15.444   430.610   295.049     4.792     7.187    -2.236     4.631
   190.221     7.203    64.183   102.561    17.500     0.636    31.671   434.799   295.460    16.274    16.277    -5.143     5.146
   451.263    12.391   164.133   227.042    21.640     0.806    68.761   446.897   296.953    47.697    40.004   -14.580     6.886
   434.516     1.438   152.038   241.576    21.301     0.930    67.907   449.259   297.401    39.464    36.615   -12.353     9.504
   498.790     2.347   190.519   260.364    21.541     0.849    81.809   454.995   298.092    45.560    39.574   -15.475     9.489
   442.048     1.336   170.390   234.089    20.345     0.772    77.034   457.254   298.477    36.234    31.799   -14.431     9.996
   252.988    -9.327    84.991   164.577    17.494     0.832    49.626   449.560   297.712    12.747    15.069    -7.305     9.627
   145.378     1.274    29.367   107.532    14.239     0.724    33.237   445.903   297.538     7.205     9.099    -5.153     7.046
    65.832     0.769    -0.224    61.795    10.545     0.652    22.851   441.606   297.072     3.492     5.460    -3.260     5.228
   -14.723   -12.396   -15.002    17.388     2.278     0.590     4.146   433.319   295.762    -4.713    -0.723    -0.578     4.568
   -29.160    -8.542   -22.291     9.781     0.188     0.532     0.260   427.902   294.959    -8.108    -3.455     0.930     3.723
   -51.051   -16.011   -34.824     9.642     0.000     0.341     0.000   420.018   293.455    -9.858    -7.046     0.552     2.260
   -65.011   -17.857   -39.219     5.844     0.000     0.248     0.000   407.724   291.173   -13.780   -12.232     0.317     1.230
   -44.189    -3.795   -25.525     0.273     0.000     0.167     0.000   399.992   290.777   -15.141   -14.444     0.125     0.573
   -31.594    -1.683   -17.517     0.592    -0.000     0.169     0.000   402.969   291.050   -12.987   -12.545     0.114     0.327
   -23.461    -7.553   -15.371    11.175     0.000     0.257     0.000   407.706   291.857   -11.712   -10.845     0.422     0.445
   -51.003   -15.327   -24.273     3.817     0.000     0.208     0.000   400.958   289.819   -15.221   -13.271     0.772     1.178
   -40.263    -3.414   -20.655    -0.912     0.000     0.152     0.000   394.617   289.704   -15.282   -14.399     0.222     0.662
   -20.476     4.426   -11.711    -0.506     0.000     0.139     0.000   399.449   290.466   -12.684   -12.028     0.186     0.470
    -2.062     2.668    -2.479     7.199     0.663     0.180     0.879   407.255   291.640    -9.450    -8.424     0.478     0.549
    21.425    -5.032    15.716    25.070     4.294     0.257     5.998   411.893   291.830   -14.328    -5.756     5.502     3.070
    79.627     3.063    44.037    42.719    10.486     0.311    16.319   415.866   292.273   -10.192    -0.881     5.755     3.557
   171.319     4.098    94.270    75.407    15.411     0.321    30.747   422.148   292.830    -2.456     6.655     5.600     3.511
   363.730    15.745   129.544   137.954    19.865     0.303    61.949   435.282   294.299    80.487    24.449   -59.526     3.488
   564.623    23.891   217.929   215.136    22.200     0.367    94.407   451.843   296.380   107.667    42.052   -71.836     6.222
   632.981    14.106   249.008   262.569    21.986     0.430   102.799   463.779   298.073   107.298    50.358   -66.035     9.095
   581.487     4.516   206.444   276.193    21.158     0.422    94.656   468.695   299.227    94.334    46.713   -59.071    11.451
   580.069    -2.419   199.133   291.393    20.463     0.382    95.697   472.501   299.954    91.962    44.148   -61.144    13.331
   476.829    -1.362   132.330   277.278    19.315     0.335    82.530   472.822   300.571    68.583    33.488   -49.852    14.758
   164.901    20.219     0.390   142.036    16.007     0.224    35.283   459.788   300.088     2.257    10.165    -4.285    12.193
   189.090     0.367    20.688   157.626    16.180     0.447    42.002   457.187   299.568    10.409    12.512    -6.591     8.695
   202.411    -5.888    24.384   171.668    15.613     0.361    53.294   458.523   299.774    12.247    12.769    -7.698     8.220
    66.640     8.182   -12.287    64.569    11.625     0.145    30.921   449.022   298.653     6.175     3.938    -7.711     5.474
   -12.462   -25.659   -18.255    37.645     5.625     0.176    13.921   434.575   296.329    -6.194    -3.643    -2.441     4.992
   -53.970   -22.691   -21.275     5.170    -0.000     0.090     0.000   411.651   293.260   -15.173   -12.726    -0.236     2.684
   -43.104    -7.881   -17.525     1.267    -0.000     0.072     0.000   400.896   292.423   -18.964   -17.375    -0.189     1.778
   -41.527    -9.344   -12.152    -0.531     0.000     0.039     0.000   395.301   291.074   -19.500   -18.341    -0.067     1.226
   -46.805    -2.707   -19.313    -4.698     0.000     0.089     0.000   393.010   290.827   -20.086   -19.169     0.045     0.873
   -46.508    -7.223   -14.513    -4.351     0.000     0.055     0.000   388.819   289.915   -20.420   -19.701     0.112     0.608
   -40.493    -5.042   -10.959    -4.232    -0.000     0.039     0.000   386.748   289.385   -20.260   -19.689     0.159     0.412
   -45.674    -3.070   -17.290    -5.311    -0.000     0.077     0.000   386.518   289.829   -20.003   -19.538     0.192     0.272
   -53.763    -0.946   -26.888    -6.673     0.000     0.134     0.000   388.800   289.374   -19.256   -18.866     0.215     0.175
   -56.401    -2.622   -35.161    -0.518    -0.000     0.180     0.000   391.596   290.142   -18.100   -17.754     0.227     0.118
   -46.401    -8.507   -19.396    -1.770     1.391     0.109     2.176   391.478   290.276   -16.727   -16.401     0.228     0.097
    28.920    28.534    -6.184    15.772     9.870     0.103    18.997   406.439   292.469    -9.202    -8.855     0.228     0.119
   169.204    -6.938    19.233   149.553    16.103     0.357    43.328   426.754   294.704     7.357     7.816    -1.613     2.072
   314.147    31.504    72.150   167.193    18.994     0.390    63.055   444.021   296.985    43.301    26.250   -20.574     3.523
   447.617     2.032   124.302   259.732    20.183     0.597    79.962   458.959   299.192    61.550    43.467   -23.478     5.394
   552.301    24.874   184.242   261.567    20.603     0.654    92.483   469.275   300.401    81.619    55.415   -32.653     6.450
   623.545    27.978   245.714   265.300    20.668     0.800   100.811   475.910   301.179    84.553    61.650   -29.612     6.709
   651.789    18.928   270.160   276.437    20.173     0.817   104.128   481.468   301.926    86.265    63.214   -30.007     6.957
   642.706    -5.497   266.355   305.431    19.572     0.889   104.234   483.872   302.377    76.417    58.854   -25.869     8.306
   584.916    -6.942   225.860   301.608    18.713     0.854    98.933   485.057   302.767    64.389    50.409   -23.370     9.390
   448.875     3.061   145.554   256.733    18.051     0.797    82.769   480.951   302.542    43.527    35.710   -17.083     9.266
   128.598   -13.715   -11.791   147.891    14.808     0.702    33.096   462.009   300.458     6.213     8.945    -5.655     8.388
    26.189    -9.884   -32.997    70.167     8.379     0.582    14.443   453.672   299.421    -1.098     3.077    -2.520     6.694
     1.969    -2.951   -37.439    43.929     5.939     0.506    10.514   450.582   299.046    -1.570     2.591    -1.418     5.578
   -32.486    -0.080   -46.086    16.902     3.304     0.457     7.108   446.321   298.446    -3.222     0.686    -0.780     4.687
   -57.950    -6.663   -55.252     9.546     0.000     0.566     0.000   442.263   297.800    -5.581    -1.401    -0.330     4.510
   -56.566    -3.297   -53.286     5.936    -0.000     0.459     0.000   439.397   297.386    -5.919    -2.163    -0.088     3.844
   -37.295     2.812   -40.107     3.898    -0.000     0.368     0.000   440.333   297.681    -3.897    -1.041    -0.064     2.921
   -36.435     5.747   -43.155     2.109    -0.000     0.446     0.000   442.732   297.989    -1.136     1.471    -0.420     3.027
   -33.873     1.742   -35.465     0.572     0.000     0.627     0.000   441.126   297.349    -0.722     1.328    -1.273     3.324
   -39.767   -11.159   -23.595     0.788    -0.000     0.273     0.000   431.675   295.117    -5.801    -3.751    -0.315     2.365
   -36.543   -12.060   -13.337     0.065     0.000     0.080     0.000   413.846   293.550   -11.210    -9.966    -0.075     1.319
   -26.479    -1.855   -11.958    -0.056    -0.000     0.071     0.000   410.363   293.628   -12.611   -11.803    -0.067     0.874
   -28.617    -2.714   -12.010    -1.933    -0.000     0.074     0.000   409.796   293.284   -11.961   -11.360    -0.004     0.605
   -22.552    -0.246    -7.188    -4.847     1.486     0.063     2.785   413.532   293.692   -10.271    -9.780     0.051     0.439
    32.778    29.354    -0.048     6.430     9.720     0.066    17.617   427.856   295.910    -2.958    -2.518     0.083     0.357
   112.589    13.034    12.596    75.072    14.950     0.356    30.131   440.710   297.033    11.887     9.816    -2.790     0.720
   201.866     9.076    43.277   121.865    17.562     0.575    41.154   449.661   298.241    27.647    20.194    -8.628     1.176
   235.108   -19.606    51.390   173.298    18.417     0.855    44.176   450.692   298.325    30.026    22.724   -10.145     2.844
   209.353   -21.847    47.889   164.194    18.028     0.813    38.724   446.076   297.528    19.118    17.727    -5.819     4.429
   386.179     0.055   158.605   193.209    20.554     0.761    62.617   449.547   297.448    34.310    30.525    -8.571     4.786
   466.381     3.952   194.998   223.733    21.176     0.668    74.339   455.450   298.122    43.698    37.217   -11.949     5.468
   622.031    -1.224   252.875   269.828    21.448     0.432   101.150   466.959   298.767   100.552    46.973   -60.367     6.788
   482.498    10.640   175.234   252.722    19.868     0.393    83.470   470.163   300.036    43.902    31.434   -21.463     8.994
   473.589     4.186   160.010   265.385    18.870     0.568    86.179   473.605   301.173    44.008    32.345   -20.135     8.471
   345.973    -3.154   110.311   217.189    17.678     0.598    71.787   467.115   300.465    21.627    19.413   -10.603     8.390
   200.665    -7.775    40.057   162.662    15.438     0.540    52.238   458.007   299.493     5.720     8.359    -4.928     7.566
    63.961    -5.414   -17.511    90.294    11.359     0.424    30.292   447.981   298.369    -3.409     1.249    -1.572     6.229
   -29.185   -14.788   -26.878    21.993     4.380     0.261     9.951   434.847   295.811    -9.512    -5.381    -0.232     4.363
   -55.938   -14.893   -31.207     4.911     0.000     0.166     0.000   418.213   293.703   -14.749   -12.312    -0.171     2.607
   -45.389    -9.812   -18.247     1.010    -0.000     0.090     0.000   404.032   292.294   -18.341   -16.592    -0.141     1.889
   -40.767    -4.026   -17.100    -0.070     0.000     0.084     0.000   398.944   291.778   -19.572   -18.221    -0.052     1.404
   -39.903    -1.528   -17.060    -2.239    -0.000     0.092     0.000   398.077   291.564   -19.076   -17.964     0.042     1.071
   -38.343    -4.748   -12.909    -1.942    -0.000     0.061     0.000   395.616   290.818   -18.743   -17.788     0.113     0.842
   -35.587    -0.558   -14.153    -2.738    -0.000     0.079     0.000   395.685   290.993   -18.138   -17.319     0.153     0.666
   -27.497     0.567    -8.869    -2.620     0.000     0.048     0.000   397.088   290.849   -16.576   -15.862     0.178     0.536
   -33.395     0.338   -13.510    -4.278    -0.000     0.086     0.000   397.281   291.145   -15.945   -15.302     0.194     0.449
   -22.079     9.001   -13.234    -4.471    -0.000     0.113     0.000   403.948   291.793   -13.374   -12.799     0.195     0.380
    -3.081     8.101    -7.000     6.378     1.630     0.300     2.364   414.508   292.921   -10.560    -8.465     1.296     0.799
    63.031    -7.537    28.918    54.435     9.531     0.326    15.854   419.762   293.107   -12.786    -4.117     6.333     2.336
    58.163     7.975    22.677    34.440     9.162     0.302    13.627   421.450   293.409    -6.930    -1.847     2.973     2.110
   129.444    13.188    57.263    58.221    14.209     0.349    24.378   426.438   293.964     0.773     4.015     1.437     1.805
   300.492    15.394   108.864   130.710    19.177     0.369    49.724   438.017   295.110    45.524    18.551   -28.526     1.552
   294.175    26.128    60.940   154.947    19.619     0.260    49.682   447.023   297.060    52.160    21.418   -33.207     2.465
   162.528     1.153    61.487   101.951    16.394     0.411    27.832   440.047   296.225    -2.064     8.939     4.231     6.772
   249.928    -0.530    62.301   159.367    18.640     0.386    38.714   444.920   296.988    28.790    19.600   -13.063     3.873
   457.587    38.866    55.374   231.705    20.830     0.304    72.723   464.013   299.639   131.643    39.627   -95.892     3.877
   311.886     7.586    65.103   212.104    19.277     0.292    52.622   461.613   299.664    27.093    19.820   -15.888     8.615
   320.287    11.974    45.006   227.737    18.630     0.400    58.873   468.147   301.026    35.570    25.958   -14.070     4.459
   210.424   -19.712    14.545   198.016    16.824     0.702    45.475   460.839   300.088    17.574    14.821    -7.874     5.122
   114.245   -44.966    -2.188   162.819    13.830     0.726    32.354   448.210   298.132    -1.420     2.991    -2.566     6.978
    19.083   -21.451   -23.325    74.613     8.149     0.532    15.224   438.154   296.699   -10.754    -3.381     0.991     6.381
   -26.900    -6.805   -17.880     9.607     2.296     0.221     4.183   428.237   294.655   -11.822    -7.446     0.615     3.761
   -30.252    -3.801   -12.750    -0.466     0.000     0.092     0.000   415.243   293.288   -13.235   -11.393    -0.010     1.852
   -37.849     4.043   -27.246    -1.259     0.000     0.192     0.000   414.079   293.435   -13.387   -12.179     0.018     1.191
   -52.485    -7.138   -31.125    -0.081    -0.000     0.167     0.000   408.318   292.561   -14.140   -13.302     0.054     0.784
   -48.620    -6.231   -26.749    -0.658    -0.000     0.139     0.000   403.012   291.975   -14.983   -14.400     0.080     0.502
   -48.125    -3.000   -28.346    -2.326     0.000     0.151     0.000   402.662   292.061   -14.454   -14.046     0.101     0.307
   -44.303   -11.705   -15.471    -2.271     0.000     0.076     0.000   396.681   291.083   -14.856   -14.541     0.122     0.193
   -39.379     0.824   -20.301    -5.334    -0.000     0.116     0.000   398.417   291.551   -14.568   -14.323     0.134     0.111
   -28.520     7.652   -19.908    -4.754     0.000     0.146     0.000   406.544   292.542   -11.510   -11.288     0.146     0.076
   -35.334     2.121   -28.602     0.390     0.000     0.199     0.000   411.461   293.173    -9.243    -8.977     0.160     0.106
   -30.144    -1.607   -25.527     4.902     1.062     0.176     1.474   413.272   293.490    -7.911    -7.625     0.148     0.138
    43.018    16.769   -17.509    44.149     8.548     0.254    13.853   426.400   295.727    -0.391     0.025     0.177     0.240
    99.727    22.099    -6.233    72.879    12.760     0.303    22.757   439.041   297.176    10.981    10.437    -1.227     0.683
   145.771    27.512    -2.022    93.463    15.550     0.513    29.980   449.063   298.602    26.818    20.595    -6.888     0.666
   316.286    15.693    88.172   157.936    19.342     0.552    54.102   457.871   299.096    54.486    34.033   -21.000     0.547
   485.608     8.538    40.346   223.518    20.394     0.422    78.511   472.062   299.909   213.206    45.957  -169.796     2.547
   532.898    46.683   206.933   230.705    19.567     0.542    84.905   483.709   302.412    48.577    41.648   -14.626     7.697
   507.385    26.034   156.014   225.152    17.948     0.501    80.779   493.343   304.014   100.184    53.330   -50.992     4.138
   454.500    13.979   119.888   238.487    16.113     0.501    75.015   500.882   305.578    82.147    50.957   -36.634     5.444
   389.452   -13.816    76.158   262.221    14.704     0.573    67.727   504.263   306.560    64.889    46.807   -24.767     6.685
   404.191   -11.142    95.395   253.733    13.537     0.662    73.892   508.173   307.035    66.205    46.024   -28.014     7.833
   345.031    -3.060    73.985   222.254    13.080     0.640    70.425   505.499   306.705    51.852    36.191   -24.186     8.525
   224.028   -16.112    -2.001   209.434    12.124     0.630    56.892   500.132   306.512    32.708    26.699   -14.560     8.551
