    1.0000     2.185    -0.095    -1.301    -0.227     0.000
    1.0000     2.185    -0.096    -1.091    -0.213     0.000
    1.0000     2.185    -0.096    -0.457    -0.211     0.000
    1.0000     2.185    -0.096    -0.310    -0.209     0.000
    1.0000     2.185    -0.096    -0.303    -0.208     0.000
    1.0000     2.185    -0.096    -0.303    -0.208     0.000
    1.0000     2.185    -0.096    -0.303    -0.208     0.000
    1.0000     2.185    -0.096    -0.303    -0.208     0.000
    1.0000     2.185    -0.096    -0.302    -0.207     0.000
    1.0000     2.185    -0.096    -0.302    -0.207     0.000
    1.0000     2.185    -0.096    -0.302    -0.207     0.000
    1.0000     2.185    -0.096    -0.488    -0.208     0.000
    1.0000     2.185    -0.096    -0.926    -0.224     0.000
    1.0000     2.185    -0.097    -0.933    -0.232     0.000
    1.0000     2.185    -0.098    -1.174    -0.274     0.000
    1.0000     2.185    -0.100    -1.194    -0.284     0.000
    1.0000     2.185    -0.101    -1.355    -0.310     0.000
    1.0000     2.185    -0.103    -1.383    -0.306     0.000
    1.0000     2.185    -0.104    -0.808    -0.234     0.000
    1.0000     2.185    -0.105    -1.037    -0.266     0.000
    1.0000     2.185    -0.107    -1.256    -0.293     0.000
    1.0000     2.185    -0.109    -1.726    -0.348     0.000
    1.0000     2.184    -0.105    -1.346    -0.260     0.000
    1.0000     2.184    -0.094    -0.526    -0.210     0.000
    1.0000     2.184    -0.094    -0.687    -0.208     0.000
    1.0000     2.184    -0.094    -0.976    -0.207     0.000
    1.0000     2.184    -0.094    -0.445    -0.205     0.000
    1.0000     2.184    -0.094    -0.303    -0.204     0.000
    1.0000     2.184    -0.094    -0.297    -0.203     0.000
    1.0000     2.184    -0.094    -0.297    -0.203     0.000
    1.0000     2.184    -0.094    -0.296    -0.203     0.000
    1.0000     2.184    -0.093    -0.296    -0.203     0.000
    1.0000     2.184    -0.093    -0.296    -0.203     0.000
    1.0000     2.184    -0.093    -0.296    -0.203     0.000
    1.0000     2.184    -0.093    -0.296    -0.203     0.000
    1.0000     2.184    -0.093    -0.296    -0.203     0.000
    1.0000     2.184    -0.093    -0.594    -0.211     0.000
    1.0000     2.184    -0.093    -0.782    -0.232     0.000
    1.0000     2.184    -0.094    -1.003    -0.268     0.000
    1.0000     2.184    -0.095    -1.258    -0.311     0.000
    1.0000     2.184    -0.097    -1.476    -0.352     0.000
    1.0000     2.184    -0.099    -1.635    -0.384     0.000
    1.0000     2.184    -0.101    -1.710    -0.397     0.000
    1.0000     2.184    -0.104    -1.810    -0.419     0.000
    1.0000     2.184    -0.106    -1.887    -0.410     0.000
    1.0000     2.184    -0.109    -1.893    -0.372     0.000
    1.0000     2.183    -0.111    -1.849    -0.331     0.000
    1.0000     2.183    -0.113    -1.729    -0.277     0.000
    1.0000     2.183    -0.114    -1.501    -0.250     0.000
    1.0000     2.183    -0.114    -1.011    -0.231     0.000
    1.0000     2.183    -0.114    -0.405    -0.227     0.000
    1.0000     2.183    -0.114    -0.322    -0.226     0.000
    1.0000     2.183    -0.114    -0.317    -0.224     0.000
    1.0000     2.183    -0.114    -0.317    -0.223     0.000
    1.0000     2.183    -0.114    -0.317    -0.223     0.000
    1.0000     2.183    -0.114    -0.317    -0.223     0.000
    1.0000     2.183    -0.114    -0.317    -0.223     0.000
    1.0000     2.183    -0.114    -0.318    -0.223     0.000
    1.0000     2.183    -0.114    -0.318    -0.224     0.000
    1.0000     2.183    -0.114    -0.386    -0.224     0.000
    1.0000     2.183    -0.114    -0.762    -0.234     0.000
    1.0000     2.183    -0.115    -1.185    -0.273     0.000
    1.0000     2.183    -0.117    -1.481    -0.327     0.000
    1.0000     2.183    -0.120    -1.764    -0.381     0.000
    1.0000     2.183    -0.123    -1.907    -0.408     0.000
    1.0000     2.183    -0.125    -1.763    -0.374     0.000
    1.0000     2.183    -0.127    -1.279    -0.282     0.000
    1.0000     2.183    -0.129    -1.445    -0.336     0.000
    1.0000     2.183    -0.131    -1.322    -0.323     0.000
    1.0000     2.183    -0.133    -1.315    -0.318     0.000
    1.0000     2.182    -0.136    -1.711    -0.349     0.000
    1.0000     2.182    -0.139    -1.591    -0.311     0.000
    1.0000     2.182    -0.140    -1.228    -0.260     0.000
    1.0000     2.182    -0.140    -0.980    -0.254     0.000
    1.0000     2.182    -0.140    -0.396    -0.253     0.000
    1.0000     2.182    -0.140    -0.349    -0.254     0.000
    1.0000     2.182    -0.140    -0.345    -0.252     0.000
    1.0000     2.182    -0.140    -0.343    -0.251     0.000
    1.0000     2.182    -0.140    -0.342    -0.250     0.000
    1.0000     2.182    -0.140    -0.341    -0.249     0.000
    1.0000     2.182    -0.140    -0.342    -0.249     0.000
    1.0000     2.182    -0.140    -0.344    -0.250     0.000
    1.0000     2.182    -0.140    -0.318    -0.250     0.000
    1.0000     2.182    -0.140    -0.400    -0.250     0.000
    1.0000     2.182    -0.140    -0.737    -0.261     0.000
    1.0000     2.182    -0.141    -0.971    -0.290     0.000
    1.0000     2.182    -0.144    -1.313    -0.340     0.000
    1.0000     2.182    -0.147    -1.442    -0.386     0.000
    1.0000     2.181    -0.151    -1.557    -0.433     0.000
    1.0000     2.181    -0.155    -1.659    -0.454     0.000
    1.0000     2.181    -0.160    -1.705    -0.474     0.000
    1.0000     2.180    -0.164    -1.514    -0.467     0.000
    1.0000     2.179    -0.168    -1.518    -0.463     0.000
    1.0000     2.179    -0.172    -1.487    -0.436     0.000
    1.0000     2.177    -0.175    -1.422    -0.399     0.000
    1.0000     2.176    -0.177    -1.287    -0.355     0.000
    1.0000     2.176    -0.178    -1.131    -0.313     0.000
    1.0000     2.175    -0.179    -0.983    -0.296     0.000
    1.0000     2.175    -0.179    -0.538    -0.294     0.000
    1.0000     2.175    -0.179    -0.391    -0.293     0.000
    1.0000     2.175    -0.179    -0.384    -0.292     0.000
    1.0000     2.175    -0.179    -0.383    -0.291     0.000
    1.0000     2.175    -0.179    -0.383    -0.291     0.000
    1.0000     2.175    -0.179    -0.382    -0.290     0.000
    1.0000     2.175    -0.179    -0.382    -0.290     0.000
    1.0000     2.175    -0.179    -0.381    -0.290     0.000
    1.0000     2.175    -0.179    -0.381    -0.289     0.000
    1.0000     2.175    -0.179    -0.382    -0.290     0.000
    1.0000     2.175    -0.179    -0.615    -0.302     0.000
    1.0000     2.175    -0.179    -0.822    -0.330     0.000
    1.0000     2.175    -0.181    -0.980    -0.367     0.000
    1.0000     2.174    -0.183    -1.145    -0.413     0.000
    1.0000     2.172    -0.185    -1.294    -0.449     0.000
    1.0000     2.171    -0.187    -1.442    -0.483     0.000
    1.0000     2.169    -0.188    -1.427    -0.457     0.000
    1.0000     2.167    -0.189    -1.412    -0.456     0.000
    1.0000     2.164    -0.190    -1.670    -0.498     0.000
    1.0000     2.162    -0.190    -1.530    -0.439     0.000
    1.0000     2.158    -0.189    -1.511    -0.407     0.000
    1.0000     2.156    -0.189    -1.395    -0.356     0.000
    1.0000     2.154    -0.188    -1.278    -0.324     0.000
    1.0000     2.154    -0.188    -1.074    -0.305     0.000
    1.0000     2.154    -0.188    -0.519    -0.301     0.000
    1.0000     2.154    -0.188    -0.398    -0.300     0.000
    1.0000     2.154    -0.188    -0.391    -0.299     0.000
    1.0000     2.154    -0.188    -0.391    -0.298     0.000
    1.0000     2.154    -0.188    -0.392    -0.298     0.000
    1.0000     2.154    -0.188    -0.391    -0.298     0.000
    1.0000     2.154    -0.187    -0.391    -0.298     0.000
    1.0000     2.154    -0.187    -0.391    -0.298     0.000
    1.0000     2.154    -0.187    -0.391    -0.298     0.000
    1.0000     2.154    -0.187    -0.427    -0.298     0.000
    1.0000     2.154    -0.187    -0.714    -0.312     0.000
    1.0000     2.153    -0.187    -0.933    -0.339     0.000
    1.0000     2.150    -0.186    -1.279    -0.391     0.000
    1.0000     2.147    -0.189    -1.515    -0.436     0.000
    1.0000     2.144    -0.192    -1.698    -0.492     0.000
    1.0000     2.140    -0.196    -1.845    -0.535     0.000
    1.0000     2.136    -0.201    -1.927    -0.549     0.000
    1.0000     2.132    -0.205    -1.965    -0.547     0.000
    1.0000     2.129    -0.209    -1.981    -0.523     0.000
    1.0000     2.126    -0.213    -1.952    -0.495     0.000
    1.0000     2.123    -0.217    -1.820    -0.445     0.000
    1.0000     2.121    -0.220    -1.696    -0.404     0.000
    1.0000     2.119    -0.223    -1.459    -0.364     0.000
    1.0000     2.119    -0.223    -1.077    -0.341     0.000
    1.0000     2.119    -0.223    -0.564    -0.338     0.000
    1.0000     2.119    -0.223    -0.437    -0.337     0.000
    1.0000     2.119    -0.223    -0.430    -0.336     0.000
    1.0000     2.119    -0.223    -0.429    -0.335     0.000
    1.0000     2.119    -0.223    -0.428    -0.335     0.000
    1.0000     2.119    -0.223    -0.428    -0.334     0.000
    1.0000     2.119    -0.223    -0.428    -0.334     0.000
    1.0000     2.119    -0.223    -0.429    -0.334     0.000
    1.0000     2.119    -0.223    -0.429    -0.334     0.000
    1.0000     2.119    -0.223    -0.531    -0.335     0.000
    1.0000     2.119    -0.223    -0.886    -0.345     0.000
    1.0000     2.118    -0.225    -1.223    -0.381     0.000
    1.0000     2.116    -0.229    -1.494    -0.425     0.000
    1.0000     2.114    -0.233    -1.740    -0.487     0.000
    1.0000     2.112    -0.238    -1.940    -0.546     0.000
    1.0000     2.109    -0.243    -2.037    -0.575     0.017
    1.0000     2.107    -0.248    -2.121    -0.607     0.061
    1.0000     2.104    -0.252    -2.145    -0.597     0.091
    1.0000     2.102    -0.256    -2.151    -0.584     0.091
    1.0000     2.099    -0.259    -2.137    -0.541     0.061
    1.0000     2.095    -0.262    -2.086    -0.491     0.036
    1.0000     2.092    -0.264    -1.887    -0.430     0.000
    1.0000     2.090    -0.265    -1.790    -0.409     0.000
    1.0000     2.090    -0.265    -1.304    -0.384     0.000
    1.0000     2.090    -0.265    -0.608    -0.379     0.000
    1.0000     2.090    -0.265    -0.478    -0.377     0.000
    1.0000     2.090    -0.264    -0.471    -0.376     0.000
    1.0000     2.090    -0.264    -0.470    -0.376     0.000
    1.0000     2.090    -0.264    -0.470    -0.376     0.000
    1.0000     2.090    -0.264    -0.469    -0.375     0.000
    1.0000     2.090    -0.264    -0.469    -0.375     0.000
    1.0000     2.090    -0.264    -0.469    -0.375     0.000
    1.0000     2.090    -0.264    -0.469    -0.375     0.000
    1.0000     2.090    -0.264    -0.555    -0.375     0.000
    1.0000     2.090    -0.264    -1.035    -0.390     0.000
    1.0000     2.087    -0.264    -1.360    -0.433     0.000
    1.0000     2.084    -0.265    -1.662    -0.489     0.000
    1.0000     2.080    -0.265    -1.901    -0.544     0.000
    1.0000     2.075    -0.265    -2.032    -0.593     0.017
    1.0000     2.070    -0.264    -2.121    -0.624     0.061
    1.0000     2.065    -0.263    -2.129    -0.624     0.061
    1.0000     2.060    -0.269    -2.152    -0.634     0.091
    1.0000     2.055    -0.274    -2.158    -0.601     0.091
    1.0000     2.050    -0.279    -2.048    -0.526     0.017
    1.0000     2.045    -0.284    -1.994    -0.475     0.000
    1.0000     2.043    -0.286    -1.376    -0.417     0.000
    1.0000     2.041    -0.289    -1.600    -0.412     0.000
    1.0000     2.040    -0.290    -1.569    -0.410     0.000
    1.0000     2.040    -0.290    -0.636    -0.409     0.000
    1.0000     2.040    -0.290    -0.510    -0.409     0.000
    1.0000     2.039    -0.290    -0.503    -0.409     0.000
    1.0000     2.039    -0.290    -0.501    -0.408     0.000
    1.0000     2.039    -0.290    -0.501    -0.407     0.000
    1.0000     2.039    -0.290    -0.500    -0.406     0.000
    1.0000     2.039    -0.290    -0.499    -0.405     0.000
    1.0000     2.039    -0.290    -0.498    -0.405     0.000
    1.0000     2.039    -0.289    -0.497    -0.404     0.000
    1.0000     2.039    -0.289    -0.633    -0.404     0.000
    1.0000     2.038    -0.290    -1.048    -0.415     0.000
    1.0000     2.036    -0.293    -1.363    -0.448     0.000
    1.0000     2.033    -0.297    -1.582    -0.498     0.000
    1.0000     2.028    -0.303    -1.817    -0.549     0.000
    1.0000     2.023    -0.310    -2.019    -0.612     0.004
    1.0000     2.019    -0.316    -1.958    -0.612     0.000
    1.0000     2.015    -0.322    -2.026    -0.637     0.004
    1.0000     2.012    -0.326    -1.619    -0.548     0.000
    1.0000     2.008    -0.332    -1.871    -0.597     0.000
    1.0000     2.005    -0.336    -1.724    -0.560     0.000
    1.0000     2.003    -0.338    -1.278    -0.473     0.000
    1.0000     2.002    -0.340    -1.038    -0.459     0.000
    1.0000     2.001    -0.341    -1.282    -0.467     0.000
    1.0000     2.000    -0.342    -1.244    -0.457     0.000
    1.0000     2.000    -0.342    -0.673    -0.456     0.000
    1.0000     2.000    -0.342    -0.554    -0.455     0.000
    1.0000     2.000    -0.342    -0.548    -0.455     0.000
    1.0000     2.000    -0.342    -0.547    -0.455     0.000
    1.0000     2.000    -0.342    -0.547    -0.454     0.000
    1.0000     2.000    -0.342    -0.546    -0.453     0.000
    1.0000     2.000    -0.342    -0.546    -0.453     0.000
    1.0000     2.000    -0.342    -0.546    -0.453     0.000
    1.0000     2.000    -0.342    -0.545    -0.453     0.000
    1.0000     2.000    -0.341    -0.556    -0.453     0.000
    1.0000     2.000    -0.341    -0.606    -0.453     0.000
    1.0000     2.000    -0.342    -0.686    -0.455     0.000
    1.0000     1.999    -0.342    -0.803    -0.467     0.000
    1.0000     1.999    -0.343    -0.887    -0.480     0.000
    1.0000     1.997    -0.345    -1.022    -0.509     0.000
    1.0000     1.996    -0.347    -1.180    -0.540     0.000
    1.0000     1.993    -0.351    -1.456    -0.582     0.000
    1.0000     1.990    -0.355    -1.765    -0.648     0.000
    1.0000     1.986    -0.359    -1.879    -0.651     0.000
    1.0000     1.983    -0.363    -1.906    -0.627     0.000
    1.0000     1.980    -0.365    -1.608    -0.547     0.000
    1.0000     1.977    -0.368    -1.737    -0.532     0.000
    1.0000     1.975    -0.369    -1.496    -0.502     0.000
    1.0000     1.975    -0.369    -1.182    -0.485     0.000
    1.0000     1.975    -0.369    -0.656    -0.480     0.000
    1.0000     1.975    -0.369    -0.577    -0.479     0.000
    1.0000     1.975    -0.369    -0.571    -0.478     0.000
    1.0000     1.975    -0.369    -0.570    -0.478     0.000
    1.0000     1.975    -0.368    -0.570    -0.478     0.000
    1.0000     1.975    -0.368    -0.570    -0.478     0.000
    1.0000     1.975    -0.368    -0.571    -0.479     0.000
    1.0000     1.975    -0.368    -0.571    -0.479     0.000
    1.0000     1.975    -0.368    -0.552    -0.479     0.000
    1.0000     1.975    -0.368    -0.631    -0.479     0.000
    1.0000     1.975    -0.368    -0.760    -0.482     0.000
    1.0000     1.975    -0.368    -0.918    -0.497     0.000
    1.0000     1.974    -0.369    -1.046    -0.517     0.000
    1.0000     1.971    -0.371    -1.500    -0.583     0.000
    1.0000     1.967    -0.373    -1.788    -0.642     0.000
    1.0000     1.963    -0.376    -1.941    -0.672     0.000
    1.0000     1.959    -0.378    -1.955    -0.660     0.000
    1.0000     1.954    -0.379    -2.093    -0.684     0.036
    1.0000     1.949    -0.380    -2.105    -0.672     0.036
    1.0000     1.943    -0.381    -2.110    -0.635     0.036
    1.0000     1.938    -0.381    -1.991    -0.583     0.000
    1.0000     1.935    -0.381    -1.653    -0.529     0.000
    1.0000     1.934    -0.381    -1.276    -0.500     0.000
    1.0000     1.933    -0.381    -1.079    -0.497     0.000
    1.0000     1.933    -0.381    -0.729    -0.495     0.000
    1.0000     1.934    -0.381    -0.594    -0.493     0.000
    1.0000     1.934    -0.380    -0.584    -0.491     0.000
    1.0000     1.934    -0.380    -0.583    -0.490     0.000
    1.0000     1.934    -0.380    -0.582    -0.490     0.000
    1.0000     1.934    -0.380    -0.582    -0.490     0.000
    1.0000     1.934    -0.380    -0.583    -0.490     0.000
    1.0000     1.934    -0.380    -0.582    -0.490     0.000
    1.0000     1.934    -0.380    -0.583    -0.490     0.000
    1.0000     1.934    -0.380    -0.616    -0.491     0.000
    1.0000     1.934    -0.380    -0.734    -0.491     0.000
    1.0000     1.934    -0.379    -0.871    -0.502     0.000
    1.0000     1.931    -0.379    -1.361    -0.560     0.000
    1.0000     1.926    -0.379    -1.701    -0.621     0.000
    1.0000     1.921    -0.377    -1.966    -0.672     0.000
    1.0000     1.915    -0.376    -2.119    -0.709     0.061
    1.0000     1.908    -0.374    -2.143    -0.708     0.061
    1.0000     1.902    -0.371    -2.173    -0.708     0.091
    1.0000     1.896    -0.369    -2.168    -0.670     0.091
    1.0000     1.890    -0.366    -2.100    -0.602     0.036
    1.0000     1.884    -0.364    -2.171    -0.588     0.061
    1.0000     1.879    -0.361    -2.150    -0.534     0.036
    1.0000     1.875    -0.359    -1.929    -0.485     0.000
    1.0000     1.875    -0.359    -1.474    -0.477     0.000
    1.0000     1.875    -0.359    -0.687    -0.472     0.000
    1.0000     1.875    -0.359    -0.571    -0.469     0.000
    1.0000     1.875    -0.359    -0.563    -0.468     0.000
    1.0000     1.875    -0.359    -0.561    -0.468     0.000
    1.0000     1.875    -0.358    -0.562    -0.468     0.000
    1.0000     1.875    -0.358    -0.561    -0.468     0.000
    1.0000     1.875    -0.358    -0.562    -0.468     0.000
    1.0000     1.875    -0.358    -0.563    -0.468     0.000
    1.0000     1.875    -0.358    -0.562    -0.468     0.000
    1.0000     1.875    -0.358    -0.602    -0.468     0.000
    1.0000     1.875    -0.358    -1.029    -0.477     0.000
    1.0000     1.873    -0.357    -1.516    -0.517     0.000
    1.0000     1.869    -0.354    -1.857    -0.568     0.000
    1.0000     1.863    -0.357    -2.120    -0.635     0.036
    1.0000     1.857    -0.361    -2.187    -0.661     0.091
    1.0000     1.852    -0.365    -2.210    -0.722     0.126
    1.0000     1.847    -0.368    -2.213    -0.708     0.164
    1.0000     1.842    -0.371    -2.207    -0.721     0.164
    1.0000     1.837    -0.374    -2.205    -0.697     0.164
    1.0000     1.832    -0.377    -2.213    -0.683     0.126
    1.0000     1.826    -0.380    -2.215    -0.636     0.126
    1.0000     1.822    -0.383    -2.214    -0.573     0.091
    1.0000     1.818    -0.385    -2.163    -0.518     0.036
    1.0000     1.817    -0.386    -1.752    -0.508     0.000
    1.0000     1.817    -0.386    -0.756    -0.502     0.000
    1.0000     1.817    -0.386    -0.605    -0.499     0.000
    1.0000     1.817    -0.386    -0.594    -0.497     0.000
    1.0000     1.817    -0.386    -0.593    -0.497     0.000
    1.0000     1.817    -0.385    -0.593    -0.496     0.000
    1.0000     1.817    -0.385    -0.592    -0.495     0.000
    1.0000     1.817    -0.385    -0.590    -0.495     0.000
    1.0000     1.817    -0.385    -0.588    -0.495     0.000
    1.0000     1.817    -0.385    -0.589    -0.495     0.000
    1.0000     1.818    -0.385    -0.601    -0.496     0.000
    1.0000     1.818    -0.385    -1.003    -0.503     0.000
    1.0000     1.815    -0.386    -1.531    -0.540     0.000
    1.0000     1.811    -0.388    -1.945    -0.596     0.000
    1.0000     1.806    -0.391    -2.140    -0.645     0.061
    1.0000     1.800    -0.393    -2.200    -0.693     0.126
    1.0000     1.795    -0.395    -2.226    -0.730     0.164
    1.0000     1.790    -0.397    -2.198    -0.659     0.091
    1.0000     1.785    -0.398    -2.207    -0.683     0.091
    1.0000     1.780    -0.398    -2.158    -0.626     0.061
    1.0000     1.847    -0.432    -1.932    -0.608     0.000
    1.0000     1.861    -0.351    -0.776    -0.474     0.000
    1.0000     1.876    -0.351    -1.096    -0.474     0.000
    1.0000     1.938    -0.385    -1.217    -0.499     0.000
    1.0000     1.967    -0.377    -1.046    -0.489     0.000
    1.0000     1.971    -0.337    -0.615    -0.451     0.000
    1.0000     1.971    -0.317    -0.528    -0.430     0.000
    1.0000     1.972    -0.310    -0.515    -0.421     0.000
    1.0000     1.975    -0.309    -0.513    -0.420     0.000
    1.0000     1.980    -0.312    -0.514    -0.422     0.000
    1.0000     1.986    -0.315    -0.517    -0.424     0.000
    1.0000     1.992    -0.316    -0.518    -0.425     0.000
    1.0000     1.997    -0.314    -0.517    -0.424     0.000
    1.0000     2.001    -0.310    -0.514    -0.421     0.000
    1.0000     2.004    -0.305    -0.508    -0.416     0.000
    1.0000     2.006    -0.300    -0.900    -0.417     0.000
    1.0000     2.007    -0.294    -1.243    -0.440     0.000
    1.0000     2.005    -0.291    -1.612    -0.480     0.000
    1.0000     2.001    -0.287    -1.960    -0.532     0.000
    1.0000     1.997    -0.284    -2.158    -0.589     0.091
    1.0000     1.993    -0.281    -2.166    -0.623     0.091
    1.0000     1.989    -0.279    -2.162    -0.622     0.091
    1.0000     1.985    -0.276    -2.163    -0.618     0.091
    1.0000     1.981    -0.273    -2.160    -0.584     0.091
    1.0000     1.976    -0.270    -2.167    -0.566     0.091
    1.0000     1.971    -0.267    -2.172    -0.519     0.091
    1.0000     1.966    -0.263    -2.165    -0.449     0.061
    1.0000     1.964    -0.260    -2.082    -0.392     0.017
    1.0000     1.963    -0.258    -1.692    -0.380     0.000
    1.0000     1.963    -0.256    -0.594    -0.374     0.000
    1.0000     1.964    -0.255    -0.473    -0.371     0.000
    1.0000     1.964    -0.253    -0.465    -0.369     0.000
    1.0000     1.964    -0.252    -0.463    -0.369     0.000
    1.0000     1.964    -0.251    -0.466    -0.372     0.000
    1.0000     1.964    -0.249    -0.465    -0.371     0.000
    1.0000     1.964    -0.247    -0.460    -0.364     0.000
    1.0000     1.964    -0.246    -0.459    -0.364     0.000
    1.0000     1.964    -0.245    -0.459    -0.365     0.000
    1.0000     1.964    -0.244    -0.458    -0.364     0.000
    1.0000     1.964    -0.243    -0.455    -0.361     0.000
    1.0000     1.965    -0.242    -0.506    -0.356     0.000
    1.0000     1.964    -0.240    -0.753    -0.358     0.000
    1.0000     1.962    -0.238    -1.205    -0.396     0.000
    1.0000     1.958    -0.235    -1.602    -0.463     0.000
    1.0000     1.953    -0.232    -1.711    -0.461     0.000
    1.0000     1.948    -0.228    -2.018    -0.501     0.004
    1.0000     1.942    -0.224    -1.978    -0.468     0.000
    1.0000     1.938    -0.220    -1.873    -0.425     0.000
    1.0000     1.932    -0.215    -1.985    -0.437     0.000
    1.0000     1.929    -0.211    -2.024    -0.397     0.004
    1.0000     1.924    -0.206    -2.096    -0.377     0.036
    1.0000     1.920    -0.202    -2.027    -0.332     0.004
    1.0000     1.920    -0.201    -1.674    -0.325     0.000
    1.0000     1.920    -0.201    -0.493    -0.321     0.000
    1.0000     1.920    -0.200    -0.416    -0.317     0.000
    1.0000     1.920    -0.200    -0.409    -0.315     0.000
    1.0000     1.920    -0.199    -0.407    -0.313     0.000
    1.0000     1.920    -0.199    -0.406    -0.312     0.000
    1.0000     1.920    -0.199    -0.409    -0.315     0.000
    1.0000     1.921    -0.198    -0.408    -0.315     0.000
    1.0000     1.921    -0.198    -0.407    -0.314     0.000
    1.0000     1.921    -0.198    -0.408    -0.314     0.000
    1.0000     1.921    -0.197    -0.545    -0.313     0.000
    1.0000     1.921    -0.197    -1.014    -0.315     0.000
    1.0000     1.917    -0.193    -1.689    -0.351     0.000
    1.0000     1.912    -0.194    -1.893    -0.399     0.000
    1.0000     1.906    -0.198    -1.997    -0.446     0.000
    1.0000     1.899    -0.203    -2.086    -0.484     0.036
    1.0000     1.894    -0.208    -2.028    -0.467     0.004
    1.0000     1.887    -0.214    -2.059    -0.505     0.017
    1.0000     1.887    -0.197    -1.232    -0.364     0.000
    1.0000     1.885    -0.198    -1.374    -0.382     0.000
    1.0000     1.881    -0.201    -1.588    -0.397     0.000
    1.0000     1.880    -0.203    -1.559    -0.369     0.000
    1.0000     1.877    -0.205    -1.719    -0.352     0.000
    1.0000     1.873    -0.207    -1.981    -0.352     0.000
    1.0000     1.873    -0.207    -1.760    -0.328     0.000
    1.0000     1.873    -0.207    -0.576    -0.323     0.000
    1.0000     1.873    -0.206    -0.424    -0.320     0.000
    1.0000     1.873    -0.206    -0.413    -0.318     0.000
    1.0000     1.873    -0.205    -0.411    -0.317     0.000
    1.0000     1.873    -0.205    -0.410    -0.316     0.000
    1.0000     1.873    -0.204    -0.409    -0.316     0.000
    1.0000     1.874    -0.204    -0.408    -0.315     0.000
    1.0000     1.874    -0.203    -0.407    -0.314     0.000
    1.0000     1.874    -0.203    -0.405    -0.313     0.000
    1.0000     1.874    -0.202    -0.404    -0.313     0.000
    1.0000     1.874    -0.202    -0.828    -0.324     0.000
    1.0000     1.873    -0.202    -1.213    -0.365     0.000
    1.0000     1.870    -0.205    -1.529    -0.417     0.000
    1.0000     1.865    -0.208    -1.832    -0.482     0.000
    1.0000     1.861    -0.212    -2.046    -0.545     0.017
    1.0000     1.856    -0.216    -2.142    -0.588     0.061
    1.0000     1.852    -0.221    -2.161    -0.605     0.091
    1.0000     1.847    -0.226    -2.167    -0.601     0.091
    1.0000     1.843    -0.231    -2.177    -0.575     0.091
    1.0000     1.839    -0.236    -2.186    -0.556     0.091
    1.0000     1.837    -0.241    -2.174    -0.487     0.061
    1.0000     1.834    -0.245    -2.119    -0.424     0.036
    1.0000     1.832    -0.248    -1.798    -0.390     0.000
    1.0000     1.832    -0.249    -1.544    -0.369     0.000
    1.0000     1.832    -0.248    -0.578    -0.364     0.000
    1.0000     1.832    -0.248    -0.465    -0.362     0.000
    1.0000     1.832    -0.248    -0.455    -0.360     0.000
    1.0000     1.832    -0.248    -0.453    -0.360     0.000
    1.0000     1.832    -0.247    -0.453    -0.359     0.000
    1.0000     1.833    -0.247    -0.450    -0.358     0.000
    1.0000     1.833    -0.247    -0.450    -0.358     0.000
    1.0000     1.833    -0.246    -0.450    -0.357     0.000
    1.0000     1.833    -0.246    -0.451    -0.357     0.000
    1.0000     1.833    -0.246    -0.506    -0.357     0.000
    1.0000     1.833    -0.246    -0.909    -0.367     0.000
    1.0000     1.832    -0.247    -1.349    -0.411     0.000
    1.0000     1.830    -0.251    -1.734    -0.469     0.000
    1.0000     1.826    -0.256    -2.033    -0.543     0.004
    1.0000     1.823    -0.263    -2.169    -0.596     0.091
    1.0000     1.819    -0.270    -2.197    -0.653     0.126
    1.0000     1.816    -0.277    -2.213    -0.661     0.164
    1.0000     1.813    -0.285    -2.217    -0.656     0.164
    1.0000     1.810    -0.294    -2.215    -0.626     0.126
    1.0000     1.807    -0.302    -2.216    -0.612     0.126
    1.0000     1.806    -0.310    -2.181    -0.547     0.091
    1.0000     1.804    -0.315    -1.850    -0.474     0.000
    1.0000     1.803    -0.318    -1.544    -0.440     0.000
    1.0000     1.803    -0.318    -1.565    -0.435     0.000
    1.0000     1.803    -0.318    -0.628    -0.431     0.000
    1.0000     1.803    -0.318    -0.532    -0.431     0.000
    1.0000     1.803    -0.318    -0.528    -0.434     0.000
    1.0000     1.803    -0.318    -0.528    -0.435     0.000
    1.0000     1.803    -0.318    -0.528    -0.435     0.000
    1.0000     1.803    -0.318    -0.527    -0.434     0.000
    1.0000     1.804    -0.318    -0.526    -0.433     0.000
    1.0000     1.804    -0.317    -0.523    -0.431     0.000
    1.0000     1.804    -0.317    -0.522    -0.430     0.000
    1.0000     1.804    -0.317    -0.548    -0.430     0.000
    1.0000     1.804    -0.317    -0.870    -0.432     0.000
    1.0000     1.803    -0.320    -1.342    -0.457     0.000
    1.0000     1.804    -0.310    -1.057    -0.436     0.000
    1.0000     1.803    -0.307    -1.109    -0.458     0.000
    1.0000     1.800    -0.314    -1.830    -0.579     0.000
    1.0000     1.798    -0.323    -2.135    -0.622     0.061
    1.0000     1.795    -0.332    -2.155    -0.634     0.091
    1.0000     1.792    -0.341    -2.154    -0.627     0.061
    1.0000     1.788    -0.351    -2.187    -0.633     0.091
    1.0000     1.785    -0.360    -2.213    -0.654     0.126
    1.0000     1.784    -0.370    -2.221    -0.619     0.126
    1.0000     1.780    -0.377    -2.211    -0.563     0.091
    1.0000     1.778    -0.382    -2.158    -0.530     0.036
    1.0000     1.777    -0.384    -1.887    -0.508     0.000
    1.0000     1.777    -0.384    -0.744    -0.503     0.000
    1.0000     1.777    -0.384    -0.602    -0.500     0.000
    1.0000     1.777    -0.384    -0.590    -0.498     0.000
    1.0000     1.777    -0.384    -0.588    -0.497     0.000
    1.0000     1.777    -0.383    -0.587    -0.496     0.000
    1.0000     1.777    -0.383    -0.586    -0.495     0.000
    1.0000     1.777    -0.383    -0.586    -0.495     0.000
    1.0000     1.777    -0.383    -0.585    -0.494     0.000
    1.0000     1.777    -0.383    -0.585    -0.494     0.000
    1.0000     1.778    -0.383    -0.586    -0.494     0.000
    1.0000     1.778    -0.383    -0.825    -0.496     0.000
    1.0000     1.777    -0.384    -1.249    -0.533     0.000
    1.0000     1.775    -0.387    -1.386    -0.565     0.000
    1.0000     1.773    -0.391    -1.562    -0.610     0.000
    1.0000     1.769    -0.395    -1.646    -0.622     0.000
    1.0000     1.765    -0.399    -1.784    -0.648     0.000
    1.0000     1.761    -0.403    -1.789    -0.648     0.000
    1.0000     1.756    -0.405    -1.802    -0.642     0.000
    1.0000     1.751    -0.406    -1.780    -0.628     0.000
    1.0000     1.747    -0.406    -1.741    -0.602     0.000
    1.0000     1.745    -0.405    -1.688    -0.582     0.000
    1.0000     1.741    -0.404    -1.596    -0.549     0.000
    1.0000     1.739    -0.403    -1.371    -0.524     0.000
    1.0000     1.738    -0.403    -1.308    -0.521     0.000
    1.0000     1.738    -0.403    -0.752    -0.518     0.000
    1.0000     1.738    -0.403    -0.620    -0.516     0.000
    1.0000     1.738    -0.403    -0.608    -0.515     0.000
    1.0000     1.738    -0.403    -0.607    -0.514     0.000
    1.0000     1.739    -0.403    -0.606    -0.513     0.000
    1.0000     1.739    -0.403    -0.607    -0.513     0.000
    1.0000     1.739    -0.403    -0.607    -0.514     0.000
    1.0000     1.739    -0.403    -0.607    -0.513     0.000
    1.0000     1.739    -0.403    -0.607    -0.513     0.000
    1.0000     1.739    -0.403    -0.657    -0.514     0.000
    1.0000     1.739    -0.403    -0.980    -0.525     0.000
    1.0000     1.737    -0.402    -1.341    -0.560     0.000
    1.0000     1.732    -0.400    -1.545    -0.592     0.000
    1.0000     1.725    -0.399    -1.926    -0.666     0.000
    1.0000     1.718    -0.404    -1.881    -0.663     0.000
    1.0000     1.710    -0.410    -2.128    -0.725     0.061
    1.0000     1.700    -0.417    -2.195    -0.783     0.126
    1.0000     1.692    -0.424    -2.213    -0.785     0.126
    1.0000     1.684    -0.431    -2.203    -0.748     0.126
    1.0000     1.678    -0.437    -2.193    -0.706     0.091
    1.0000     1.675    -0.442    -2.133    -0.658     0.061
    1.0000     1.672    -0.446    -1.724    -0.598     0.000
    1.0000     1.670    -0.448    -1.292    -0.569     0.000
    1.0000     1.670    -0.448    -1.653    -0.565     0.000
    1.0000     1.670    -0.448    -0.742    -0.562     0.000
    1.0000     1.670    -0.448    -0.660    -0.560     0.000
    1.0000     1.670    -0.448    -0.651    -0.559     0.000
    1.0000     1.670    -0.448    -0.650    -0.558     0.000
    1.0000     1.756    -0.392    -0.600    -0.508     0.000
    1.0000     1.762    -0.309    -0.492    -0.427     0.000
    1.0000     1.765    -0.292    -0.495    -0.405     0.000
    1.0000     1.794    -0.240    -0.448    -0.356     0.000
    1.0000     1.796    -0.197    -0.406    -0.313     0.000
    1.0000     1.796    -0.182    -0.415    -0.293     0.000
    1.0000     1.797    -0.175    -0.635    -0.291     0.000
    1.0000     1.797    -0.171    -0.756    -0.291     0.000
    1.0000     1.798    -0.170    -0.931    -0.306     0.000
    1.0000     1.799    -0.168    -1.111    -0.327     0.000
    1.0000     1.800    -0.169    -1.349    -0.346     0.000
    1.0000     1.801    -0.169    -1.539    -0.364     0.000
    1.0000     1.803    -0.170    -2.044    -0.475     0.017
    1.0000     1.804    -0.172    -2.046    -0.463     0.017
    1.0000     1.806    -0.173    -1.953    -0.448     0.000
    1.0000     1.808    -0.174    -1.925    -0.418     0.000
    1.0000     1.813    -0.175    -1.866    -0.389     0.000
    1.0000     1.815    -0.176    -1.736    -0.333     0.000
    1.0000     1.818    -0.176    -1.527    -0.310     0.000
    1.0000     1.822    -0.176    -1.208    -0.295     0.000
    1.0000     1.827    -0.176    -0.532    -0.293     0.000
    1.0000     1.832    -0.176    -0.392    -0.289     0.000
    1.0000     1.837    -0.176    -0.381    -0.289     0.000
    1.0000     1.842    -0.176    -0.382    -0.290     0.000
    1.0000     1.847    -0.176    -0.382    -0.290     0.000
    1.0000     1.852    -0.176    -0.382    -0.290     0.000
    1.0000     1.858    -0.176    -0.382    -0.290     0.000
    1.0000     1.863    -0.184    -0.389    -0.296     0.000
    1.0000     1.869    -0.192    -0.397    -0.305     0.000
    1.0000     1.874    -0.201    -0.439    -0.313     0.000
    1.0000     1.879    -0.208    -0.630    -0.322     0.000
    1.0000     1.883    -0.215    -0.983    -0.351     0.000
    1.0000     1.886    -0.220    -1.136    -0.363     0.000
    1.0000     1.887    -0.224    -1.633    -0.461     0.000
    1.0000     1.888    -0.227    -1.838    -0.516     0.000
    1.0000     1.887    -0.229    -1.987    -0.540     0.000
    1.0000     1.886    -0.231    -2.124    -0.567     0.061
    1.0000     1.885    -0.232    -2.129    -0.550     0.061
    1.0000     1.884    -0.233    -2.089    -0.529     0.036
    1.0000     1.883    -0.235    -2.079    -0.500     0.036
    1.0000     1.885    -0.236    -2.020    -0.457     0.004
    1.0000     1.887    -0.240    -1.362    -0.370     0.000
    1.0000     1.890    -0.244    -0.951    -0.362     0.000
    1.0000     1.893    -0.248    -1.025    -0.364     0.000
    1.0000     1.896    -0.252    -0.551    -0.367     0.000
    1.0000     1.899    -0.256    -0.469    -0.370     0.000
    1.0000     1.902    -0.260    -0.465    -0.372     0.000
    1.0000     1.905    -0.263    -0.465    -0.373     0.000
    1.0000     1.907    -0.266    -0.467    -0.375     0.000
    1.0000     1.910    -0.269    -0.470    -0.378     0.000
    1.0000     1.912    -0.271    -0.473    -0.380     0.000
    1.0000     1.915    -0.273    -0.475    -0.383     0.000
    1.0000     1.917    -0.275    -0.476    -0.384     0.000
    1.0000     1.919    -0.277    -0.476    -0.387     0.000
    1.0000     1.921    -0.279    -0.628    -0.390     0.000
    1.0000     1.923    -0.280    -1.048    -0.412     0.000
    1.0000     1.923    -0.281    -1.588    -0.481     0.000
    1.0000     1.922    -0.282    -1.754    -0.512     0.000
    1.0000     1.920    -0.283    -1.907    -0.564     0.000
    1.0000     1.918    -0.284    -2.042    -0.599     0.017
    1.0000     1.915    -0.285    -2.059    -0.585     0.017
    1.0000     1.913    -0.285    -2.111    -0.610     0.061
    1.0000     1.910    -0.286    -2.136    -0.590     0.061
    1.0000     1.906    -0.286    -2.147    -0.565     0.061
    1.0000     1.906    -0.286    -2.131    -0.519     0.061
    1.0000     1.904    -0.287    -2.065    -0.453     0.017
    1.0000     1.903    -0.287    -1.823    -0.412     0.000
    1.0000     1.905    -0.289    -1.202    -0.405     0.000
    1.0000     1.906    -0.291    -0.540    -0.403     0.000
    1.0000     1.908    -0.292    -0.499    -0.404     0.000
    1.0000     1.909    -0.293    -0.500    -0.407     0.000
    1.0000     1.911    -0.295    -0.502    -0.409     0.000
    1.0000     1.912    -0.296    -0.503    -0.410     0.000
    1.0000     1.913    -0.284    -0.491    -0.398     0.000
    1.0000     1.915    -0.280    -0.485    -0.392     0.000
    1.0000     1.917    -0.280    -0.485    -0.392     0.000
    1.0000     1.921    -0.282    -0.486    -0.393     0.000
    1.0000     1.930    -0.286    -0.490    -0.397     0.000
    1.0000     1.943    -0.286    -0.521    -0.397     0.000
    1.0000     1.956    -0.270    -0.500    -0.382     0.000
    1.0000     1.964    -0.233    -0.560    -0.348     0.000
    1.0000     1.966    -0.202    -0.600    -0.319     0.000
    1.0000     1.966    -0.185    -0.697    -0.306     0.000
    1.0000     1.966    -0.174    -0.906    -0.324     0.000
    1.0000     1.966    -0.169    -1.307    -0.386     0.000
    1.0000     1.966    -0.166    -1.458    -0.387     0.000
    1.0000     1.965    -0.164    -1.631    -0.401     0.000
    1.0000     1.965    -0.163    -1.679    -0.378     0.000
    1.0000     1.967    -0.162    -1.464    -0.331     0.000
    1.0000     1.966    -0.161    -1.309    -0.294     0.000
    1.0000     1.966    -0.160    -1.132    -0.276     0.000
    1.0000     1.967    -0.159    -0.824    -0.273     0.000
    1.0000     1.967    -0.159    -0.404    -0.271     0.000
    1.0000     1.967    -0.158    -0.365    -0.270     0.000
    1.0000     1.967    -0.158    -0.360    -0.268     0.000
    1.0000     1.968    -0.158    -0.359    -0.267     0.000
    1.0000     1.968    -0.157    -0.360    -0.267     0.000
    1.0000     1.968    -0.157    -0.361    -0.268     0.000
    1.0000     1.969    -0.157    -0.359    -0.267     0.000
    1.0000     1.969    -0.157    -0.359    -0.267     0.000
    1.0000     1.970    -0.157    -0.360    -0.267     0.000
    1.0000     1.970    -0.157    -0.372    -0.268     0.000
    1.0000     1.971    -0.157    -0.472    -0.269     0.000
    1.0000     1.972    -0.157    -0.680    -0.275     0.000
    1.0000     1.973    -0.157    -0.897    -0.298     0.000
    1.0000     1.973    -0.157    -1.254    -0.351     0.000
    1.0000     1.973    -0.158    -1.629    -0.421     0.000
    1.0000     1.973    -0.159    -1.844    -0.463     0.000
    1.0000     1.972    -0.159    -1.923    -0.475     0.000
    1.0000     1.972    -0.160    -1.996    -0.482     0.000
    1.0000     1.972    -0.161    -2.010    -0.453     0.004
    1.0000     1.972    -0.161    -1.622    -0.351     0.000
    1.0000     1.974    -0.162    -1.637    -0.330     0.000
    1.0000     1.975    -0.162    -1.762    -0.316     0.000
    1.0000     1.975    -0.163    -1.404    -0.282     0.000
    1.0000     1.976    -0.163    -1.512    -0.279     0.000
    1.0000     1.978    -0.163    -0.433    -0.275     0.000
    1.0000     1.979    -0.163    -0.370    -0.274     0.000
    1.0000     1.981    -0.163    -0.366    -0.273     0.000
    1.0000     1.983    -0.163    -0.365    -0.273     0.000
    1.0000     1.984    -0.163    -0.364    -0.273     0.000
    1.0000     1.986    -0.163    -0.363    -0.273     0.000
    1.0000     1.988    -0.163    -0.364    -0.273     0.000
    1.0000     1.990    -0.163    -0.364    -0.273     0.000
    1.0000     1.992    -0.163    -0.366    -0.273     0.000
    1.0000     1.995    -0.163    -0.395    -0.273     0.000
    1.0000     1.997    -0.163    -0.687    -0.277     0.000
    1.0000     1.999    -0.163    -1.161    -0.313     0.000
    1.0000     1.999    -0.164    -1.497    -0.365     0.000
    1.0000     1.998    -0.164    -1.873    -0.428     0.000
    1.0000     1.997    -0.165    -1.984    -0.463     0.000
    1.0000     1.996    -0.166    -2.005    -0.490     0.004
    1.0000     1.994    -0.167    -2.021    -0.494     0.004
    1.0000     1.992    -0.167    -2.059    -0.502     0.017
    1.0000     1.991    -0.168    -2.081    -0.483     0.036
    1.0000     1.989    -0.169    -2.050    -0.428     0.017
    1.0000     1.991    -0.169    -1.653    -0.340     0.000
    1.0000     1.992    -0.169    -1.137    -0.295     0.000
    1.0000     1.994    -0.169    -0.977    -0.289     0.000
    1.0000     1.995    -0.169    -1.246    -0.287     0.000
    1.0000     1.997    -0.169    -0.428    -0.286     0.000
    1.0000     1.999    -0.169    -0.381    -0.285     0.000
    1.0000     2.001    -0.169    -0.379    -0.285     0.000
    1.0000     2.003    -0.169    -0.379    -0.285     0.000
    1.0000     2.005    -0.170    -0.378    -0.285     0.000
    1.0000     2.007    -0.170    -0.375    -0.282     0.000
    1.0000     2.009    -0.170    -0.372    -0.280     0.000
    1.0000     2.011    -0.170    -0.372    -0.280     0.000
    1.0000     2.013    -0.170    -0.372    -0.280     0.000
    1.0000     2.015    -0.170    -0.371    -0.280     0.000
    1.0000     2.017    -0.170    -0.649    -0.283     0.000
    1.0000     2.019    -0.170    -1.006    -0.301     0.000
    1.0000     2.019    -0.170    -1.287    -0.332     0.000
    1.0000     2.018    -0.170    -1.429    -0.363     0.000
    1.0000     2.017    -0.171    -1.383    -0.363     0.000
    1.0000     2.016    -0.171    -1.519    -0.411     0.000
    1.0000     2.014    -0.172    -1.668    -0.445     0.000
    1.0000     2.011    -0.172    -1.891    -0.480     0.000
    1.0000     2.008    -0.173    -1.913    -0.455     0.000
    1.0000     2.005    -0.173    -2.012    -0.433     0.004
    1.0000     2.005    -0.173    -1.928    -0.381     0.000
    1.0000     2.003    -0.174    -1.771    -0.329     0.000
    1.0000     2.003    -0.174    -1.503    -0.295     0.000
    1.0000     2.005    -0.174    -1.295    -0.290     0.000
    1.0000     2.006    -0.174    -0.430    -0.287     0.000
    1.0000     2.008    -0.174    -0.381    -0.286     0.000
    1.0000     2.009    -0.174    -0.378    -0.285     0.000
    1.0000     2.011    -0.174    -0.377    -0.285     0.000
    1.0000     2.013    -0.174    -0.376    -0.284     0.000
    1.0000     2.014    -0.174    -0.377    -0.284     0.000
    1.0000     2.016    -0.174    -0.377    -0.285     0.000
    1.0000     2.017    -0.174    -0.377    -0.284     0.000
    1.0000     2.019    -0.174    -0.377    -0.285     0.000
    1.0000     2.020    -0.172    -0.409    -0.283     0.000
    1.0000     2.022    -0.172    -0.668    -0.285     0.000
    1.0000     2.023    -0.172    -0.626    -0.286     0.000
    1.0000     2.025    -0.171    -0.761    -0.299     0.000
    1.0000     2.025    -0.171    -1.060    -0.337     0.000
    1.0000     2.023    -0.171    -1.197    -0.355     0.000
    1.0000     2.025    -0.168    -0.934    -0.318     0.000
    1.0000     2.026    -0.167    -1.129    -0.339     0.000
    1.0000     2.023    -0.167    -1.506    -0.395     0.000
    1.0000     2.021    -0.167    -1.453    -0.364     0.000
    1.0000     2.018    -0.167    -1.659    -0.362     0.000
    1.0000     2.018    -0.167    -1.553    -0.331     0.000
    1.0000     2.017    -0.166    -1.368    -0.301     0.000
    1.0000     2.018    -0.166    -1.029    -0.283     0.000
    1.0000     2.019    -0.167    -0.805    -0.279     0.000
    1.0000     2.020    -0.167    -0.394    -0.278     0.000
    1.0000     2.022    -0.167    -0.371    -0.277     0.000
    1.0000     2.023    -0.167    -0.369    -0.277     0.000
    1.0000     2.024    -0.167    -0.369    -0.277     0.000
    1.0000     2.026    -0.167    -0.369    -0.277     0.000
    1.0000     2.027    -0.167    -0.368    -0.277     0.000
    1.0000     2.028    -0.167    -0.369    -0.277     0.000
    1.0000     2.030    -0.167    -0.370    -0.278     0.000
    1.0000     2.031    -0.167    -0.371    -0.278     0.000
    1.0000     2.032    -0.168    -0.397    -0.278     0.000
    1.0000     2.034    -0.168    -0.760    -0.281     0.000
    1.0000     2.035    -0.168    -1.049    -0.295     0.000
    1.0000     2.034    -0.168    -1.243    -0.313     0.000
    1.0000     2.031    -0.168    -1.469    -0.367     0.000
    1.0000     2.027    -0.167    -1.715    -0.423     0.000
    1.0000     2.023    -0.167    -1.839    -0.445     0.000
    1.0000     2.018    -0.166    -1.844    -0.447     0.000
    1.0000     2.013    -0.166    -1.846    -0.431     0.000
    1.0000     2.008    -0.165    -1.870    -0.416     0.000
    1.0000     2.003    -0.164    -1.860    -0.406     0.000
    1.0000     2.000    -0.164    -1.869    -0.388     0.000
    1.0000     1.996    -0.163    -1.933    -0.340     0.000
